{"C:\\Estudos\\projetos\\MyCoffeApp\\src\\assets\\icons\\AddIcon.tsx": {"path":"C:\\Estudos\\projetos\\MyCoffeApp\\src\\assets\\icons\\AddIcon.tsx","statementMap":{"0":{"start":{"line":6,"column":2},"end":{"line":16,"column":4}}},"fnMap":{"0":{"name":"AddIcon","decl":{"start":{"line":5,"column":16},"end":{"line":5,"column":23}},"loc":{"start":{"line":5,"column":64},"end":{"line":17,"column":1}},"line":5}},"branchMap":{"0":{"loc":{"start":{"line":5,"column":25},"end":{"line":5,"column":40}},"type":"default-arg","locations":[{"start":{"line":5,"column":33},"end":{"line":5,"column":40}}],"line":5},"1":{"loc":{"start":{"line":5,"column":42},"end":{"line":5,"column":51}},"type":"default-arg","locations":[{"start":{"line":5,"column":49},"end":{"line":5,"column":51}}],"line":5}},"s":{"0":0},"f":{"0":0},"b":{"0":[0],"1":[0]},"_coverageSchema":"1a1c01bbd47fc00a2c39e90264f33305004495a9","hash":"b254337cb64e2f1c4eb667b3ddfc368ef800c622"}
,"C:\\Estudos\\projetos\\MyCoffeApp\\src\\assets\\icons\\ArrowIcon.tsx": {"path":"C:\\Estudos\\projetos\\MyCoffeApp\\src\\assets\\icons\\ArrowIcon.tsx","statementMap":{"0":{"start":{"line":6,"column":2},"end":{"line":17,"column":4}}},"fnMap":{"0":{"name":"ArrowIcon","decl":{"start":{"line":5,"column":16},"end":{"line":5,"column":25}},"loc":{"start":{"line":5,"column":66},"end":{"line":18,"column":1}},"line":5}},"branchMap":{"0":{"loc":{"start":{"line":5,"column":27},"end":{"line":5,"column":42}},"type":"default-arg","locations":[{"start":{"line":5,"column":35},"end":{"line":5,"column":42}}],"line":5},"1":{"loc":{"start":{"line":5,"column":44},"end":{"line":5,"column":53}},"type":"default-arg","locations":[{"start":{"line":5,"column":51},"end":{"line":5,"column":53}}],"line":5}},"s":{"0":0},"f":{"0":0},"b":{"0":[0],"1":[0]},"_coverageSchema":"1a1c01bbd47fc00a2c39e90264f33305004495a9","hash":"77656a5a9e8409079a0e1b6a07a21bb8d2ca896c"}
,"C:\\Estudos\\projetos\\MyCoffeApp\\src\\assets\\icons\\BagFillIcon.tsx": {"path":"C:\\Estudos\\projetos\\MyCoffeApp\\src\\assets\\icons\\BagFillIcon.tsx","statementMap":{"0":{"start":{"line":6,"column":2},"end":{"line":13,"column":4}}},"fnMap":{"0":{"name":"BagFillIcon","decl":{"start":{"line":5,"column":16},"end":{"line":5,"column":27}},"loc":{"start":{"line":5,"column":68},"end":{"line":14,"column":1}},"line":5}},"branchMap":{"0":{"loc":{"start":{"line":5,"column":29},"end":{"line":5,"column":44}},"type":"default-arg","locations":[{"start":{"line":5,"column":37},"end":{"line":5,"column":44}}],"line":5},"1":{"loc":{"start":{"line":5,"column":46},"end":{"line":5,"column":55}},"type":"default-arg","locations":[{"start":{"line":5,"column":53},"end":{"line":5,"column":55}}],"line":5}},"s":{"0":0},"f":{"0":0},"b":{"0":[0],"1":[0]},"_coverageSchema":"1a1c01bbd47fc00a2c39e90264f33305004495a9","hash":"cf792ba972a425969e5a1069eb2eb6a259464a08"}
,"C:\\Estudos\\projetos\\MyCoffeApp\\src\\assets\\icons\\BagIcon.tsx": {"path":"C:\\Estudos\\projetos\\MyCoffeApp\\src\\assets\\icons\\BagIcon.tsx","statementMap":{"0":{"start":{"line":6,"column":2},"end":{"line":28,"column":4}}},"fnMap":{"0":{"name":"BagIcon","decl":{"start":{"line":5,"column":16},"end":{"line":5,"column":23}},"loc":{"start":{"line":5,"column":64},"end":{"line":29,"column":1}},"line":5}},"branchMap":{"0":{"loc":{"start":{"line":5,"column":25},"end":{"line":5,"column":40}},"type":"default-arg","locations":[{"start":{"line":5,"column":33},"end":{"line":5,"column":40}}],"line":5},"1":{"loc":{"start":{"line":5,"column":42},"end":{"line":5,"column":51}},"type":"default-arg","locations":[{"start":{"line":5,"column":49},"end":{"line":5,"column":51}}],"line":5}},"s":{"0":0},"f":{"0":0},"b":{"0":[0],"1":[0]},"_coverageSchema":"1a1c01bbd47fc00a2c39e90264f33305004495a9","hash":"7d193f2a583af92baac6aac717727b0fd5d1cd02"}
,"C:\\Estudos\\projetos\\MyCoffeApp\\src\\assets\\icons\\BookmarkFillIcon.tsx": {"path":"C:\\Estudos\\projetos\\MyCoffeApp\\src\\assets\\icons\\BookmarkFillIcon.tsx","statementMap":{"0":{"start":{"line":6,"column":2},"end":{"line":13,"column":4}}},"fnMap":{"0":{"name":"BookmarkFillIcon","decl":{"start":{"line":5,"column":16},"end":{"line":5,"column":32}},"loc":{"start":{"line":5,"column":73},"end":{"line":14,"column":1}},"line":5}},"branchMap":{"0":{"loc":{"start":{"line":5,"column":34},"end":{"line":5,"column":49}},"type":"default-arg","locations":[{"start":{"line":5,"column":42},"end":{"line":5,"column":49}}],"line":5},"1":{"loc":{"start":{"line":5,"column":51},"end":{"line":5,"column":60}},"type":"default-arg","locations":[{"start":{"line":5,"column":58},"end":{"line":5,"column":60}}],"line":5}},"s":{"0":0},"f":{"0":0},"b":{"0":[0],"1":[0]},"_coverageSchema":"1a1c01bbd47fc00a2c39e90264f33305004495a9","hash":"f77848c8268e6061d65624e1bd7413496247de1d"}
,"C:\\Estudos\\projetos\\MyCoffeApp\\src\\assets\\icons\\BookmarkIcon.tsx": {"path":"C:\\Estudos\\projetos\\MyCoffeApp\\src\\assets\\icons\\BookmarkIcon.tsx","statementMap":{"0":{"start":{"line":6,"column":2},"end":{"line":30,"column":4}}},"fnMap":{"0":{"name":"BookmarkIcon","decl":{"start":{"line":5,"column":16},"end":{"line":5,"column":28}},"loc":{"start":{"line":5,"column":69},"end":{"line":31,"column":1}},"line":5}},"branchMap":{"0":{"loc":{"start":{"line":5,"column":30},"end":{"line":5,"column":45}},"type":"default-arg","locations":[{"start":{"line":5,"column":38},"end":{"line":5,"column":45}}],"line":5},"1":{"loc":{"start":{"line":5,"column":47},"end":{"line":5,"column":56}},"type":"default-arg","locations":[{"start":{"line":5,"column":54},"end":{"line":5,"column":56}}],"line":5}},"s":{"0":0},"f":{"0":0},"b":{"0":[0],"1":[0]},"_coverageSchema":"1a1c01bbd47fc00a2c39e90264f33305004495a9","hash":"92b6cbf80860f603f2c4503d224fadf6527af813"}
,"C:\\Estudos\\projetos\\MyCoffeApp\\src\\assets\\icons\\CalendarIcon.tsx": {"path":"C:\\Estudos\\projetos\\MyCoffeApp\\src\\assets\\icons\\CalendarIcon.tsx","statementMap":{"0":{"start":{"line":6,"column":2},"end":{"line":17,"column":4}}},"fnMap":{"0":{"name":"CalendarIcon","decl":{"start":{"line":5,"column":16},"end":{"line":5,"column":28}},"loc":{"start":{"line":5,"column":69},"end":{"line":18,"column":1}},"line":5}},"branchMap":{"0":{"loc":{"start":{"line":5,"column":30},"end":{"line":5,"column":45}},"type":"default-arg","locations":[{"start":{"line":5,"column":38},"end":{"line":5,"column":45}}],"line":5},"1":{"loc":{"start":{"line":5,"column":47},"end":{"line":5,"column":56}},"type":"default-arg","locations":[{"start":{"line":5,"column":54},"end":{"line":5,"column":56}}],"line":5}},"s":{"0":0},"f":{"0":0},"b":{"0":[0],"1":[0]},"_coverageSchema":"1a1c01bbd47fc00a2c39e90264f33305004495a9","hash":"fde5eea45e12d6b2449530fa87b586f8bab1dd02"}
,"C:\\Estudos\\projetos\\MyCoffeApp\\src\\assets\\icons\\CallIcon.tsx": {"path":"C:\\Estudos\\projetos\\MyCoffeApp\\src\\assets\\icons\\CallIcon.tsx","statementMap":{"0":{"start":{"line":6,"column":2},"end":{"line":15,"column":4}}},"fnMap":{"0":{"name":"CallIcon","decl":{"start":{"line":5,"column":16},"end":{"line":5,"column":24}},"loc":{"start":{"line":5,"column":65},"end":{"line":16,"column":1}},"line":5}},"branchMap":{"0":{"loc":{"start":{"line":5,"column":26},"end":{"line":5,"column":41}},"type":"default-arg","locations":[{"start":{"line":5,"column":34},"end":{"line":5,"column":41}}],"line":5},"1":{"loc":{"start":{"line":5,"column":43},"end":{"line":5,"column":52}},"type":"default-arg","locations":[{"start":{"line":5,"column":50},"end":{"line":5,"column":52}}],"line":5}},"s":{"0":0},"f":{"0":0},"b":{"0":[0],"1":[0]},"_coverageSchema":"1a1c01bbd47fc00a2c39e90264f33305004495a9","hash":"08f5602f33fde0edc228a9025beb4a29d029b89c"}
,"C:\\Estudos\\projetos\\MyCoffeApp\\src\\assets\\icons\\CheckRoundIcon.tsx": {"path":"C:\\Estudos\\projetos\\MyCoffeApp\\src\\assets\\icons\\CheckRoundIcon.tsx","statementMap":{"0":{"start":{"line":9,"column":2},"end":{"line":19,"column":4}}},"fnMap":{"0":{"name":"CheckRoundIcon","decl":{"start":{"line":6,"column":16},"end":{"line":6,"column":30}},"loc":{"start":{"line":8,"column":28},"end":{"line":20,"column":1}},"line":8}},"branchMap":{"0":{"loc":{"start":{"line":7,"column":2},"end":{"line":7,"column":30}},"type":"default-arg","locations":[{"start":{"line":7,"column":10},"end":{"line":7,"column":30}}],"line":7}},"s":{"0":0},"f":{"0":0},"b":{"0":[0]},"_coverageSchema":"1a1c01bbd47fc00a2c39e90264f33305004495a9","hash":"3c43bef5a1ba07a3d27a0cd708b9062485d97ff4"}
,"C:\\Estudos\\projetos\\MyCoffeApp\\src\\assets\\icons\\ChevronIcon.tsx": {"path":"C:\\Estudos\\projetos\\MyCoffeApp\\src\\assets\\icons\\ChevronIcon.tsx","statementMap":{"0":{"start":{"line":6,"column":2},"end":{"line":17,"column":4}}},"fnMap":{"0":{"name":"ChevronIcon","decl":{"start":{"line":5,"column":16},"end":{"line":5,"column":27}},"loc":{"start":{"line":5,"column":68},"end":{"line":18,"column":1}},"line":5}},"branchMap":{"0":{"loc":{"start":{"line":5,"column":29},"end":{"line":5,"column":44}},"type":"default-arg","locations":[{"start":{"line":5,"column":37},"end":{"line":5,"column":44}}],"line":5},"1":{"loc":{"start":{"line":5,"column":46},"end":{"line":5,"column":55}},"type":"default-arg","locations":[{"start":{"line":5,"column":53},"end":{"line":5,"column":55}}],"line":5}},"s":{"0":0},"f":{"0":0},"b":{"0":[0],"1":[0]},"_coverageSchema":"1a1c01bbd47fc00a2c39e90264f33305004495a9","hash":"1f420d52e4a3266cb3c4088fc2fa915ed085b580"}
,"C:\\Estudos\\projetos\\MyCoffeApp\\src\\assets\\icons\\ClockIcon.tsx": {"path":"C:\\Estudos\\projetos\\MyCoffeApp\\src\\assets\\icons\\ClockIcon.tsx","statementMap":{"0":{"start":{"line":6,"column":2},"end":{"line":17,"column":4}}},"fnMap":{"0":{"name":"ClockIcon","decl":{"start":{"line":5,"column":16},"end":{"line":5,"column":25}},"loc":{"start":{"line":5,"column":66},"end":{"line":18,"column":1}},"line":5}},"branchMap":{"0":{"loc":{"start":{"line":5,"column":27},"end":{"line":5,"column":42}},"type":"default-arg","locations":[{"start":{"line":5,"column":35},"end":{"line":5,"column":42}}],"line":5},"1":{"loc":{"start":{"line":5,"column":44},"end":{"line":5,"column":53}},"type":"default-arg","locations":[{"start":{"line":5,"column":51},"end":{"line":5,"column":53}}],"line":5}},"s":{"0":0},"f":{"0":0},"b":{"0":[0],"1":[0]},"_coverageSchema":"1a1c01bbd47fc00a2c39e90264f33305004495a9","hash":"e62bef54a536bbb1e2efa62f07cc702233a7f0fa"}
,"C:\\Estudos\\projetos\\MyCoffeApp\\src\\assets\\icons\\EyeOffIcon.tsx": {"path":"C:\\Estudos\\projetos\\MyCoffeApp\\src\\assets\\icons\\EyeOffIcon.tsx","statementMap":{"0":{"start":{"line":6,"column":2},"end":{"line":30,"column":4}}},"fnMap":{"0":{"name":"EyeOffIcon","decl":{"start":{"line":5,"column":16},"end":{"line":5,"column":26}},"loc":{"start":{"line":5,"column":67},"end":{"line":31,"column":1}},"line":5}},"branchMap":{"0":{"loc":{"start":{"line":5,"column":28},"end":{"line":5,"column":37}},"type":"default-arg","locations":[{"start":{"line":5,"column":35},"end":{"line":5,"column":37}}],"line":5},"1":{"loc":{"start":{"line":5,"column":39},"end":{"line":5,"column":54}},"type":"default-arg","locations":[{"start":{"line":5,"column":47},"end":{"line":5,"column":54}}],"line":5}},"s":{"0":0},"f":{"0":0},"b":{"0":[0],"1":[0]},"_coverageSchema":"1a1c01bbd47fc00a2c39e90264f33305004495a9","hash":"0b3a6e08c18f12823f00e5f9a99799eba3c5a45a"}
,"C:\\Estudos\\projetos\\MyCoffeApp\\src\\assets\\icons\\EyeOnIcon.tsx": {"path":"C:\\Estudos\\projetos\\MyCoffeApp\\src\\assets\\icons\\EyeOnIcon.tsx","statementMap":{"0":{"start":{"line":6,"column":2},"end":{"line":23,"column":4}}},"fnMap":{"0":{"name":"EyeOnIcon","decl":{"start":{"line":5,"column":16},"end":{"line":5,"column":25}},"loc":{"start":{"line":5,"column":66},"end":{"line":24,"column":1}},"line":5}},"branchMap":{"0":{"loc":{"start":{"line":5,"column":27},"end":{"line":5,"column":42}},"type":"default-arg","locations":[{"start":{"line":5,"column":35},"end":{"line":5,"column":42}}],"line":5},"1":{"loc":{"start":{"line":5,"column":44},"end":{"line":5,"column":53}},"type":"default-arg","locations":[{"start":{"line":5,"column":51},"end":{"line":5,"column":53}}],"line":5}},"s":{"0":0},"f":{"0":0},"b":{"0":[0],"1":[0]},"_coverageSchema":"1a1c01bbd47fc00a2c39e90264f33305004495a9","hash":"a852997696ea8b9bcb460629b5264ce01637464b"}
,"C:\\Estudos\\projetos\\MyCoffeApp\\src\\assets\\icons\\HeartIcon.tsx": {"path":"C:\\Estudos\\projetos\\MyCoffeApp\\src\\assets\\icons\\HeartIcon.tsx","statementMap":{"0":{"start":{"line":6,"column":2},"end":{"line":16,"column":4}}},"fnMap":{"0":{"name":"HeartIcon","decl":{"start":{"line":5,"column":16},"end":{"line":5,"column":25}},"loc":{"start":{"line":5,"column":66},"end":{"line":17,"column":1}},"line":5}},"branchMap":{"0":{"loc":{"start":{"line":5,"column":27},"end":{"line":5,"column":42}},"type":"default-arg","locations":[{"start":{"line":5,"column":35},"end":{"line":5,"column":42}}],"line":5},"1":{"loc":{"start":{"line":5,"column":44},"end":{"line":5,"column":53}},"type":"default-arg","locations":[{"start":{"line":5,"column":51},"end":{"line":5,"column":53}}],"line":5}},"s":{"0":0},"f":{"0":0},"b":{"0":[0],"1":[0]},"_coverageSchema":"1a1c01bbd47fc00a2c39e90264f33305004495a9","hash":"d1dcd69bdb720e58158d1d301cf19bc1b8f37f3f"}
,"C:\\Estudos\\projetos\\MyCoffeApp\\src\\assets\\icons\\HomeFillIcon.tsx": {"path":"C:\\Estudos\\projetos\\MyCoffeApp\\src\\assets\\icons\\HomeFillIcon.tsx","statementMap":{"0":{"start":{"line":6,"column":2},"end":{"line":13,"column":4}}},"fnMap":{"0":{"name":"HomeFillIcon","decl":{"start":{"line":5,"column":16},"end":{"line":5,"column":28}},"loc":{"start":{"line":5,"column":69},"end":{"line":14,"column":1}},"line":5}},"branchMap":{"0":{"loc":{"start":{"line":5,"column":30},"end":{"line":5,"column":45}},"type":"default-arg","locations":[{"start":{"line":5,"column":38},"end":{"line":5,"column":45}}],"line":5},"1":{"loc":{"start":{"line":5,"column":47},"end":{"line":5,"column":56}},"type":"default-arg","locations":[{"start":{"line":5,"column":54},"end":{"line":5,"column":56}}],"line":5}},"s":{"0":0},"f":{"0":0},"b":{"0":[0],"1":[0]},"_coverageSchema":"1a1c01bbd47fc00a2c39e90264f33305004495a9","hash":"f895fb8737b1e425b0eafe4ff0652d81462ca7ec"}
,"C:\\Estudos\\projetos\\MyCoffeApp\\src\\assets\\icons\\HomeIcon.tsx": {"path":"C:\\Estudos\\projetos\\MyCoffeApp\\src\\assets\\icons\\HomeIcon.tsx","statementMap":{"0":{"start":{"line":6,"column":2},"end":{"line":16,"column":4}}},"fnMap":{"0":{"name":"HomeIcon","decl":{"start":{"line":5,"column":16},"end":{"line":5,"column":24}},"loc":{"start":{"line":5,"column":65},"end":{"line":17,"column":1}},"line":5}},"branchMap":{"0":{"loc":{"start":{"line":5,"column":26},"end":{"line":5,"column":41}},"type":"default-arg","locations":[{"start":{"line":5,"column":34},"end":{"line":5,"column":41}}],"line":5},"1":{"loc":{"start":{"line":5,"column":43},"end":{"line":5,"column":52}},"type":"default-arg","locations":[{"start":{"line":5,"column":50},"end":{"line":5,"column":52}}],"line":5}},"s":{"0":0},"f":{"0":0},"b":{"0":[0],"1":[0]},"_coverageSchema":"1a1c01bbd47fc00a2c39e90264f33305004495a9","hash":"dadc231b538d95b9b12cc8533ee18aa3ef95d46b"}
,"C:\\Estudos\\projetos\\MyCoffeApp\\src\\assets\\icons\\LocationFilledIcon.tsx": {"path":"C:\\Estudos\\projetos\\MyCoffeApp\\src\\assets\\icons\\LocationFilledIcon.tsx","statementMap":{"0":{"start":{"line":6,"column":2},"end":{"line":20,"column":4}}},"fnMap":{"0":{"name":"LocationFilledIcon","decl":{"start":{"line":5,"column":16},"end":{"line":5,"column":34}},"loc":{"start":{"line":5,"column":75},"end":{"line":21,"column":1}},"line":5}},"branchMap":{"0":{"loc":{"start":{"line":5,"column":36},"end":{"line":5,"column":51}},"type":"default-arg","locations":[{"start":{"line":5,"column":44},"end":{"line":5,"column":51}}],"line":5},"1":{"loc":{"start":{"line":5,"column":53},"end":{"line":5,"column":62}},"type":"default-arg","locations":[{"start":{"line":5,"column":60},"end":{"line":5,"column":62}}],"line":5}},"s":{"0":0},"f":{"0":0},"b":{"0":[0],"1":[0]},"_coverageSchema":"1a1c01bbd47fc00a2c39e90264f33305004495a9","hash":"15dcb6b9669e95e0989db691840742a538a666f5"}
,"C:\\Estudos\\projetos\\MyCoffeApp\\src\\assets\\icons\\LocationIcon.tsx": {"path":"C:\\Estudos\\projetos\\MyCoffeApp\\src\\assets\\icons\\LocationIcon.tsx","statementMap":{"0":{"start":{"line":6,"column":2},"end":{"line":20,"column":4}}},"fnMap":{"0":{"name":"LocationIcon","decl":{"start":{"line":5,"column":16},"end":{"line":5,"column":28}},"loc":{"start":{"line":5,"column":69},"end":{"line":21,"column":1}},"line":5}},"branchMap":{"0":{"loc":{"start":{"line":5,"column":30},"end":{"line":5,"column":45}},"type":"default-arg","locations":[{"start":{"line":5,"column":38},"end":{"line":5,"column":45}}],"line":5},"1":{"loc":{"start":{"line":5,"column":47},"end":{"line":5,"column":56}},"type":"default-arg","locations":[{"start":{"line":5,"column":54},"end":{"line":5,"column":56}}],"line":5}},"s":{"0":0},"f":{"0":0},"b":{"0":[0],"1":[0]},"_coverageSchema":"1a1c01bbd47fc00a2c39e90264f33305004495a9","hash":"f27f8cfa7437392e25abb58ff490899706e4d895"}
,"C:\\Estudos\\projetos\\MyCoffeApp\\src\\assets\\icons\\MessageRoundIcon.tsx": {"path":"C:\\Estudos\\projetos\\MyCoffeApp\\src\\assets\\icons\\MessageRoundIcon.tsx","statementMap":{"0":{"start":{"line":9,"column":2},"end":{"line":19,"column":4}}},"fnMap":{"0":{"name":"MessageRoundIcon","decl":{"start":{"line":6,"column":16},"end":{"line":6,"column":32}},"loc":{"start":{"line":8,"column":28},"end":{"line":20,"column":1}},"line":8}},"branchMap":{"0":{"loc":{"start":{"line":7,"column":2},"end":{"line":7,"column":30}},"type":"default-arg","locations":[{"start":{"line":7,"column":10},"end":{"line":7,"column":30}}],"line":7}},"s":{"0":0},"f":{"0":0},"b":{"0":[0]},"_coverageSchema":"1a1c01bbd47fc00a2c39e90264f33305004495a9","hash":"b614e38d669d5b32cf17bff16c3cff62cb8b0921"}
,"C:\\Estudos\\projetos\\MyCoffeApp\\src\\assets\\icons\\MessageTextIcon.tsx": {"path":"C:\\Estudos\\projetos\\MyCoffeApp\\src\\assets\\icons\\MessageTextIcon.tsx","statementMap":{"0":{"start":{"line":6,"column":2},"end":{"line":17,"column":4}}},"fnMap":{"0":{"name":"MessageTextIcon","decl":{"start":{"line":5,"column":16},"end":{"line":5,"column":31}},"loc":{"start":{"line":5,"column":72},"end":{"line":18,"column":1}},"line":5}},"branchMap":{"0":{"loc":{"start":{"line":5,"column":33},"end":{"line":5,"column":48}},"type":"default-arg","locations":[{"start":{"line":5,"column":41},"end":{"line":5,"column":48}}],"line":5},"1":{"loc":{"start":{"line":5,"column":50},"end":{"line":5,"column":59}},"type":"default-arg","locations":[{"start":{"line":5,"column":57},"end":{"line":5,"column":59}}],"line":5}},"s":{"0":0},"f":{"0":0},"b":{"0":[0],"1":[0]},"_coverageSchema":"1a1c01bbd47fc00a2c39e90264f33305004495a9","hash":"956e6bca78ca489641c615d3126d52f299fe94aa"}
,"C:\\Estudos\\projetos\\MyCoffeApp\\src\\assets\\icons\\MinusIcon.tsx": {"path":"C:\\Estudos\\projetos\\MyCoffeApp\\src\\assets\\icons\\MinusIcon.tsx","statementMap":{"0":{"start":{"line":6,"column":2},"end":{"line":13,"column":4}}},"fnMap":{"0":{"name":"MinusIcon","decl":{"start":{"line":5,"column":16},"end":{"line":5,"column":25}},"loc":{"start":{"line":5,"column":66},"end":{"line":14,"column":1}},"line":5}},"branchMap":{"0":{"loc":{"start":{"line":5,"column":27},"end":{"line":5,"column":42}},"type":"default-arg","locations":[{"start":{"line":5,"column":35},"end":{"line":5,"column":42}}],"line":5},"1":{"loc":{"start":{"line":5,"column":44},"end":{"line":5,"column":53}},"type":"default-arg","locations":[{"start":{"line":5,"column":51},"end":{"line":5,"column":53}}],"line":5}},"s":{"0":0},"f":{"0":0},"b":{"0":[0],"1":[0]},"_coverageSchema":"1a1c01bbd47fc00a2c39e90264f33305004495a9","hash":"bfc9b979119b64cb53d450468c11049c2c306ede"}
,"C:\\Estudos\\projetos\\MyCoffeApp\\src\\assets\\icons\\NotificationIcon.tsx": {"path":"C:\\Estudos\\projetos\\MyCoffeApp\\src\\assets\\icons\\NotificationIcon.tsx","statementMap":{"0":{"start":{"line":6,"column":2},"end":{"line":30,"column":4}}},"fnMap":{"0":{"name":"NotificationIcon","decl":{"start":{"line":5,"column":16},"end":{"line":5,"column":32}},"loc":{"start":{"line":5,"column":73},"end":{"line":31,"column":1}},"line":5}},"branchMap":{"0":{"loc":{"start":{"line":5,"column":34},"end":{"line":5,"column":43}},"type":"default-arg","locations":[{"start":{"line":5,"column":41},"end":{"line":5,"column":43}}],"line":5},"1":{"loc":{"start":{"line":5,"column":45},"end":{"line":5,"column":60}},"type":"default-arg","locations":[{"start":{"line":5,"column":53},"end":{"line":5,"column":60}}],"line":5}},"s":{"0":0},"f":{"0":0},"b":{"0":[0],"1":[0]},"_coverageSchema":"1a1c01bbd47fc00a2c39e90264f33305004495a9","hash":"9373da32d2f1c756ad1986f4ba96aa4703f3cbbb"}
,"C:\\Estudos\\projetos\\MyCoffeApp\\src\\assets\\icons\\SearchIcon.tsx": {"path":"C:\\Estudos\\projetos\\MyCoffeApp\\src\\assets\\icons\\SearchIcon.tsx","statementMap":{"0":{"start":{"line":6,"column":2},"end":{"line":23,"column":4}}},"fnMap":{"0":{"name":"SearchIcon","decl":{"start":{"line":5,"column":16},"end":{"line":5,"column":26}},"loc":{"start":{"line":5,"column":67},"end":{"line":24,"column":1}},"line":5}},"branchMap":{"0":{"loc":{"start":{"line":5,"column":28},"end":{"line":5,"column":43}},"type":"default-arg","locations":[{"start":{"line":5,"column":36},"end":{"line":5,"column":43}}],"line":5},"1":{"loc":{"start":{"line":5,"column":45},"end":{"line":5,"column":54}},"type":"default-arg","locations":[{"start":{"line":5,"column":52},"end":{"line":5,"column":54}}],"line":5}},"s":{"0":0},"f":{"0":0},"b":{"0":[0],"1":[0]},"_coverageSchema":"1a1c01bbd47fc00a2c39e90264f33305004495a9","hash":"524bc8697fd9ee6f6d0a512c27635453c727ea9d"}
,"C:\\Estudos\\projetos\\MyCoffeApp\\src\\assets\\icons\\SendFillIcon.tsx": {"path":"C:\\Estudos\\projetos\\MyCoffeApp\\src\\assets\\icons\\SendFillIcon.tsx","statementMap":{"0":{"start":{"line":6,"column":2},"end":{"line":13,"column":4}}},"fnMap":{"0":{"name":"SendFillIcon","decl":{"start":{"line":5,"column":16},"end":{"line":5,"column":28}},"loc":{"start":{"line":5,"column":69},"end":{"line":14,"column":1}},"line":5}},"branchMap":{"0":{"loc":{"start":{"line":5,"column":30},"end":{"line":5,"column":45}},"type":"default-arg","locations":[{"start":{"line":5,"column":38},"end":{"line":5,"column":45}}],"line":5},"1":{"loc":{"start":{"line":5,"column":47},"end":{"line":5,"column":56}},"type":"default-arg","locations":[{"start":{"line":5,"column":54},"end":{"line":5,"column":56}}],"line":5}},"s":{"0":0},"f":{"0":0},"b":{"0":[0],"1":[0]},"_coverageSchema":"1a1c01bbd47fc00a2c39e90264f33305004495a9","hash":"cf01041dc373e5f39a614927d06bbd8fbab1cbaf"}
,"C:\\Estudos\\projetos\\MyCoffeApp\\src\\assets\\icons\\SendIcon.tsx": {"path":"C:\\Estudos\\projetos\\MyCoffeApp\\src\\assets\\icons\\SendIcon.tsx","statementMap":{"0":{"start":{"line":6,"column":2},"end":{"line":17,"column":4}}},"fnMap":{"0":{"name":"SendIcon","decl":{"start":{"line":5,"column":16},"end":{"line":5,"column":24}},"loc":{"start":{"line":5,"column":65},"end":{"line":18,"column":1}},"line":5}},"branchMap":{"0":{"loc":{"start":{"line":5,"column":26},"end":{"line":5,"column":41}},"type":"default-arg","locations":[{"start":{"line":5,"column":34},"end":{"line":5,"column":41}}],"line":5},"1":{"loc":{"start":{"line":5,"column":43},"end":{"line":5,"column":52}},"type":"default-arg","locations":[{"start":{"line":5,"column":50},"end":{"line":5,"column":52}}],"line":5}},"s":{"0":0},"f":{"0":0},"b":{"0":[0],"1":[0]},"_coverageSchema":"1a1c01bbd47fc00a2c39e90264f33305004495a9","hash":"f6bc8bd137cdccbf6d5dc697a241ccfe3fd59a43"}
,"C:\\Estudos\\projetos\\MyCoffeApp\\src\\assets\\icons\\Tagicon.tsx": {"path":"C:\\Estudos\\projetos\\MyCoffeApp\\src\\assets\\icons\\Tagicon.tsx","statementMap":{"0":{"start":{"line":6,"column":2},"end":{"line":17,"column":4}}},"fnMap":{"0":{"name":"TagIcon","decl":{"start":{"line":5,"column":16},"end":{"line":5,"column":23}},"loc":{"start":{"line":5,"column":64},"end":{"line":18,"column":1}},"line":5}},"branchMap":{"0":{"loc":{"start":{"line":5,"column":25},"end":{"line":5,"column":40}},"type":"default-arg","locations":[{"start":{"line":5,"column":33},"end":{"line":5,"column":40}}],"line":5},"1":{"loc":{"start":{"line":5,"column":42},"end":{"line":5,"column":51}},"type":"default-arg","locations":[{"start":{"line":5,"column":49},"end":{"line":5,"column":51}}],"line":5}},"s":{"0":0},"f":{"0":0},"b":{"0":[0],"1":[0]},"_coverageSchema":"1a1c01bbd47fc00a2c39e90264f33305004495a9","hash":"3e909f667bff13074f6b1ae74dc5accb205f225a"}
,"C:\\Estudos\\projetos\\MyCoffeApp\\src\\assets\\icons\\TicketIcon.tsx": {"path":"C:\\Estudos\\projetos\\MyCoffeApp\\src\\assets\\icons\\TicketIcon.tsx","statementMap":{"0":{"start":{"line":6,"column":2},"end":{"line":24,"column":4}}},"fnMap":{"0":{"name":"TicketIcon","decl":{"start":{"line":5,"column":16},"end":{"line":5,"column":26}},"loc":{"start":{"line":5,"column":67},"end":{"line":25,"column":1}},"line":5}},"branchMap":{"0":{"loc":{"start":{"line":5,"column":28},"end":{"line":5,"column":43}},"type":"default-arg","locations":[{"start":{"line":5,"column":36},"end":{"line":5,"column":43}}],"line":5},"1":{"loc":{"start":{"line":5,"column":45},"end":{"line":5,"column":54}},"type":"default-arg","locations":[{"start":{"line":5,"column":52},"end":{"line":5,"column":54}}],"line":5}},"s":{"0":0},"f":{"0":0},"b":{"0":[0],"1":[0]},"_coverageSchema":"1a1c01bbd47fc00a2c39e90264f33305004495a9","hash":"5537b8c1f7a26efa994be410ba71d8342af0b566"}
,"C:\\Estudos\\projetos\\MyCoffeApp\\src\\assets\\icons\\TrashIcon.tsx": {"path":"C:\\Estudos\\projetos\\MyCoffeApp\\src\\assets\\icons\\TrashIcon.tsx","statementMap":{"0":{"start":{"line":6,"column":2},"end":{"line":21,"column":4}}},"fnMap":{"0":{"name":"TrashIcon","decl":{"start":{"line":5,"column":16},"end":{"line":5,"column":25}},"loc":{"start":{"line":5,"column":66},"end":{"line":22,"column":1}},"line":5}},"branchMap":{"0":{"loc":{"start":{"line":5,"column":27},"end":{"line":5,"column":42}},"type":"default-arg","locations":[{"start":{"line":5,"column":35},"end":{"line":5,"column":42}}],"line":5},"1":{"loc":{"start":{"line":5,"column":44},"end":{"line":5,"column":53}},"type":"default-arg","locations":[{"start":{"line":5,"column":51},"end":{"line":5,"column":53}}],"line":5}},"s":{"0":0},"f":{"0":0},"b":{"0":[0],"1":[0]},"_coverageSchema":"1a1c01bbd47fc00a2c39e90264f33305004495a9","hash":"d38130e781b9d8027d2ab849d382550672e6bb01"}
,"C:\\Estudos\\projetos\\MyCoffeApp\\src\\assets\\icons\\UserFillIcon.tsx": {"path":"C:\\Estudos\\projetos\\MyCoffeApp\\src\\assets\\icons\\UserFillIcon.tsx","statementMap":{"0":{"start":{"line":6,"column":2},"end":{"line":13,"column":4}}},"fnMap":{"0":{"name":"UserFillIcon","decl":{"start":{"line":5,"column":16},"end":{"line":5,"column":28}},"loc":{"start":{"line":5,"column":69},"end":{"line":14,"column":1}},"line":5}},"branchMap":{"0":{"loc":{"start":{"line":5,"column":30},"end":{"line":5,"column":45}},"type":"default-arg","locations":[{"start":{"line":5,"column":38},"end":{"line":5,"column":45}}],"line":5},"1":{"loc":{"start":{"line":5,"column":47},"end":{"line":5,"column":56}},"type":"default-arg","locations":[{"start":{"line":5,"column":54},"end":{"line":5,"column":56}}],"line":5}},"s":{"0":0},"f":{"0":0},"b":{"0":[0],"1":[0]},"_coverageSchema":"1a1c01bbd47fc00a2c39e90264f33305004495a9","hash":"43ae6097c08d81ae31b3a7a4669c5477f67930b2"}
,"C:\\Estudos\\projetos\\MyCoffeApp\\src\\assets\\icons\\UserIcon.tsx": {"path":"C:\\Estudos\\projetos\\MyCoffeApp\\src\\assets\\icons\\UserIcon.tsx","statementMap":{"0":{"start":{"line":6,"column":2},"end":{"line":16,"column":4}}},"fnMap":{"0":{"name":"UserIcon","decl":{"start":{"line":5,"column":16},"end":{"line":5,"column":24}},"loc":{"start":{"line":5,"column":65},"end":{"line":17,"column":1}},"line":5}},"branchMap":{"0":{"loc":{"start":{"line":5,"column":26},"end":{"line":5,"column":41}},"type":"default-arg","locations":[{"start":{"line":5,"column":34},"end":{"line":5,"column":41}}],"line":5},"1":{"loc":{"start":{"line":5,"column":43},"end":{"line":5,"column":52}},"type":"default-arg","locations":[{"start":{"line":5,"column":50},"end":{"line":5,"column":52}}],"line":5}},"s":{"0":0},"f":{"0":0},"b":{"0":[0],"1":[0]},"_coverageSchema":"1a1c01bbd47fc00a2c39e90264f33305004495a9","hash":"568be1ef1c512f3844a25e27226e027f41a64995"}
,"C:\\Estudos\\projetos\\MyCoffeApp\\src\\components\\index.ts": {"path":"C:\\Estudos\\projetos\\MyCoffeApp\\src\\components\\index.ts","statementMap":{},"fnMap":{},"branchMap":{},"s":{},"f":{},"b":{},"_coverageSchema":"1a1c01bbd47fc00a2c39e90264f33305004495a9","hash":"10e678def41c34d14878e150e9e9c3dbad65c776"}
,"C:\\Estudos\\projetos\\MyCoffeApp\\src\\components\\ActivityIndicator\\ActivityIndicator.tsx": {"path":"C:\\Estudos\\projetos\\MyCoffeApp\\src\\components\\ActivityIndicator\\ActivityIndicator.tsx","statementMap":{"0":{"start":{"line":18,"column":19},"end":{"line":18,"column":32}},"1":{"start":{"line":20,"column":2},"end":{"line":22,"column":4}}},"fnMap":{"0":{"name":"ActivityIndicator","decl":{"start":{"line":14,"column":16},"end":{"line":14,"column":33}},"loc":{"start":{"line":17,"column":27},"end":{"line":23,"column":1}},"line":17}},"branchMap":{"0":{"loc":{"start":{"line":15,"column":2},"end":{"line":15,"column":19}},"type":"default-arg","locations":[{"start":{"line":15,"column":10},"end":{"line":15,"column":19}}],"line":15}},"s":{"0":0,"1":0},"f":{"0":0},"b":{"0":[0]},"_coverageSchema":"1a1c01bbd47fc00a2c39e90264f33305004495a9","hash":"b8d2642f73f4d8cc01e1038d9cfb2c0f961dabf4"}
,"C:\\Estudos\\projetos\\MyCoffeApp\\src\\components\\BottomSheet\\BottomSheet.tsx": {"path":"C:\\Estudos\\projetos\\MyCoffeApp\\src\\components\\BottomSheet\\BottomSheet.tsx","statementMap":{"0":{"start":{"line":17,"column":32},"end":{"line":17,"column":56}},"1":{"start":{"line":19,"column":24},"end":{"line":19,"column":43}},"2":{"start":{"line":30,"column":27},"end":{"line":127,"column":2}},"3":{"start":{"line":34,"column":21},"end":{"line":34,"column":38}},"4":{"start":{"line":35,"column":17},"end":{"line":35,"column":38}},"5":{"start":{"line":37,"column":19},"end":{"line":45,"column":3}},"6":{"start":{"line":40,"column":6},"end":{"line":40,"column":39}},"7":{"start":{"line":42,"column":6},"end":{"line":42,"column":64}},"8":{"start":{"line":47,"column":19},"end":{"line":49,"column":20}},"9":{"start":{"line":48,"column":4},"end":{"line":48,"column":24}},"10":{"start":{"line":51,"column":2},"end":{"line":51,"column":79}},"11":{"start":{"line":51,"column":34},"end":{"line":51,"column":54}},"12":{"start":{"line":53,"column":18},"end":{"line":53,"column":40}},"13":{"start":{"line":54,"column":18},"end":{"line":68,"column":6}},"14":{"start":{"line":56,"column":6},"end":{"line":56,"column":44}},"15":{"start":{"line":59,"column":6},"end":{"line":59,"column":62}},"16":{"start":{"line":60,"column":6},"end":{"line":60,"column":69}},"17":{"start":{"line":63,"column":6},"end":{"line":67,"column":7}},"18":{"start":{"line":64,"column":8},"end":{"line":64,"column":20}},"19":{"start":{"line":65,"column":13},"end":{"line":67,"column":7}},"20":{"start":{"line":66,"column":8},"end":{"line":66,"column":34}},"21":{"start":{"line":70,"column":28},"end":{"line":82,"column":4}},"22":{"start":{"line":71,"column":25},"end":{"line":76,"column":5}},"23":{"start":{"line":78,"column":4},"end":{"line":81,"column":6}},"24":{"start":{"line":84,"column":25},"end":{"line":88,"column":8}},"25":{"start":{"line":85,"column":4},"end":{"line":87,"column":6}},"26":{"start":{"line":90,"column":25},"end":{"line":94,"column":8}},"27":{"start":{"line":91,"column":4},"end":{"line":93,"column":13}},"28":{"start":{"line":96,"column":2},"end":{"line":126,"column":4}},"29":{"start":{"line":100,"column":10},"end":{"line":100,"column":22}},"30":{"start":{"line":129,"column":16},"end":{"line":141,"column":2}}},"fnMap":{"0":{"name":"(anonymous_0)","decl":{"start":{"line":33,"column":2},"end":{"line":33,"column":3}},"loc":{"start":{"line":33,"column":23},"end":{"line":127,"column":1}},"line":33},"1":{"name":"(anonymous_1)","decl":{"start":{"line":38,"column":4},"end":{"line":38,"column":5}},"loc":{"start":{"line":38,"column":29},"end":{"line":43,"column":5}},"line":38},"2":{"name":"(anonymous_2)","decl":{"start":{"line":47,"column":31},"end":{"line":47,"column":32}},"loc":{"start":{"line":47,"column":37},"end":{"line":49,"column":3}},"line":47},"3":{"name":"(anonymous_3)","decl":{"start":{"line":51,"column":27},"end":{"line":51,"column":28}},"loc":{"start":{"line":51,"column":34},"end":{"line":51,"column":54}},"line":51},"4":{"name":"(anonymous_4)","decl":{"start":{"line":55,"column":13},"end":{"line":55,"column":14}},"loc":{"start":{"line":55,"column":19},"end":{"line":57,"column":5}},"line":55},"5":{"name":"(anonymous_5)","decl":{"start":{"line":58,"column":14},"end":{"line":58,"column":15}},"loc":{"start":{"line":58,"column":23},"end":{"line":61,"column":5}},"line":58},"6":{"name":"(anonymous_6)","decl":{"start":{"line":62,"column":11},"end":{"line":62,"column":12}},"loc":{"start":{"line":62,"column":17},"end":{"line":68,"column":5}},"line":62},"7":{"name":"(anonymous_7)","decl":{"start":{"line":70,"column":45},"end":{"line":70,"column":46}},"loc":{"start":{"line":70,"column":51},"end":{"line":82,"column":3}},"line":70},"8":{"name":"(anonymous_8)","decl":{"start":{"line":84,"column":42},"end":{"line":84,"column":43}},"loc":{"start":{"line":84,"column":48},"end":{"line":88,"column":3}},"line":84},"9":{"name":"(anonymous_9)","decl":{"start":{"line":90,"column":42},"end":{"line":90,"column":43}},"loc":{"start":{"line":90,"column":48},"end":{"line":94,"column":3}},"line":90},"10":{"name":"(anonymous_10)","decl":{"start":{"line":99,"column":22},"end":{"line":99,"column":23}},"loc":{"start":{"line":99,"column":28},"end":{"line":101,"column":9}},"line":99}},"branchMap":{"0":{"loc":{"start":{"line":63,"column":6},"end":{"line":67,"column":7}},"type":"if","locations":[{"start":{"line":63,"column":6},"end":{"line":67,"column":7}},{"start":{"line":65,"column":13},"end":{"line":67,"column":7}}],"line":63},"1":{"loc":{"start":{"line":65,"column":13},"end":{"line":67,"column":7}},"type":"if","locations":[{"start":{"line":65,"column":13},"end":{"line":67,"column":7}},{"start":{},"end":{}}],"line":65},"2":{"loc":{"start":{"line":86,"column":26},"end":{"line":86,"column":46}},"type":"cond-expr","locations":[{"start":{"line":86,"column":41},"end":{"line":86,"column":42}},{"start":{"line":86,"column":45},"end":{"line":86,"column":46}}],"line":86},"3":{"loc":{"start":{"line":92,"column":21},"end":{"line":92,"column":51}},"type":"cond-expr","locations":[{"start":{"line":92,"column":36},"end":{"line":92,"column":42}},{"start":{"line":92,"column":45},"end":{"line":92,"column":51}}],"line":92}},"s":{"0":2,"1":2,"2":2,"3":0,"4":0,"5":0,"6":0,"7":0,"8":0,"9":0,"10":0,"11":0,"12":0,"13":0,"14":0,"15":0,"16":0,"17":0,"18":0,"19":0,"20":0,"21":0,"22":0,"23":0,"24":0,"25":0,"26":0,"27":0,"28":0,"29":0,"30":2},"f":{"0":0,"1":0,"2":0,"3":0,"4":0,"5":0,"6":0,"7":0,"8":0,"9":0,"10":0},"b":{"0":[0,0],"1":[0,0],"2":[0,0],"3":[0,0]},"_coverageSchema":"1a1c01bbd47fc00a2c39e90264f33305004495a9","hash":"162ecf7653dc7b86ac080a808f79151991fc14ad"}
,"C:\\Estudos\\projetos\\MyCoffeApp\\src\\components\\Box\\Box.tsx": {"path":"C:\\Estudos\\projetos\\MyCoffeApp\\src\\components\\Box\\Box.tsx","statementMap":{"0":{"start":{"line":21,"column":19},"end":{"line":21,"column":37}},"1":{"start":{"line":31,"column":35},"end":{"line":37,"column":1}}},"fnMap":{},"branchMap":{},"s":{"0":2,"1":2},"f":{},"b":{},"_coverageSchema":"1a1c01bbd47fc00a2c39e90264f33305004495a9","hash":"8513724a6712ec97ab6e4bd749bc41a6b901d9bd"}
,"C:\\Estudos\\projetos\\MyCoffeApp\\src\\components\\Button\\Button.tsx": {"path":"C:\\Estudos\\projetos\\MyCoffeApp\\src\\components\\Button\\Button.tsx","statementMap":{"0":{"start":{"line":26,"column":23},"end":{"line":26,"column":79}},"1":{"start":{"line":28,"column":2},"end":{"line":46,"column":4}}},"fnMap":{"0":{"name":"Button","decl":{"start":{"line":19,"column":16},"end":{"line":19,"column":22}},"loc":{"start":{"line":25,"column":16},"end":{"line":47,"column":1}},"line":25}},"branchMap":{"0":{"loc":{"start":{"line":22,"column":2},"end":{"line":22,"column":20}},"type":"default-arg","locations":[{"start":{"line":22,"column":11},"end":{"line":22,"column":20}}],"line":22},"1":{"loc":{"start":{"line":26,"column":45},"end":{"line":26,"column":78}},"type":"cond-expr","locations":[{"start":{"line":26,"column":56},"end":{"line":26,"column":66}},{"start":{"line":26,"column":69},"end":{"line":26,"column":78}}],"line":26},"2":{"loc":{"start":{"line":30,"column":16},"end":{"line":30,"column":35}},"type":"binary-expr","locations":[{"start":{"line":30,"column":16},"end":{"line":30,"column":24}},{"start":{"line":30,"column":28},"end":{"line":30,"column":35}}],"line":30},"3":{"loc":{"start":{"line":38,"column":7},"end":{"line":44,"column":7}},"type":"cond-expr","locations":[{"start":{"line":39,"column":8},"end":{"line":39,"column":58}},{"start":{"line":41,"column":8},"end":{"line":43,"column":15}}],"line":38}},"s":{"0":0,"1":0},"f":{"0":0},"b":{"0":[0],"1":[0,0],"2":[0,0],"3":[0,0]},"_coverageSchema":"1a1c01bbd47fc00a2c39e90264f33305004495a9","hash":"664bdb4d66e1bbceae5bf766ea3adc2acdb17915"}
,"C:\\Estudos\\projetos\\MyCoffeApp\\src\\components\\Button\\buttonPresets.ts": {"path":"C:\\Estudos\\projetos\\MyCoffeApp\\src\\components\\Button\\buttonPresets.ts","statementMap":{"0":{"start":{"line":17,"column":4},"end":{"line":48,"column":1}}},"fnMap":{},"branchMap":{},"s":{"0":2},"f":{},"b":{},"_coverageSchema":"1a1c01bbd47fc00a2c39e90264f33305004495a9","hash":"11a7bdc0ecfaea4d259367fad12c424b4db4ca3c"}
,"C:\\Estudos\\projetos\\MyCoffeApp\\src\\components\\CelebrationCard\\CelebrationCard.tsx": {"path":"C:\\Estudos\\projetos\\MyCoffeApp\\src\\components\\CelebrationCard\\CelebrationCard.tsx","statementMap":{"0":{"start":{"line":12,"column":2},"end":{"line":31,"column":4}}},"fnMap":{"0":{"name":"CelebrationCard","decl":{"start":{"line":11,"column":16},"end":{"line":11,"column":31}},"loc":{"start":{"line":11,"column":69},"end":{"line":32,"column":1}},"line":11}},"branchMap":{},"s":{"0":0},"f":{"0":0},"b":{},"_coverageSchema":"1a1c01bbd47fc00a2c39e90264f33305004495a9","hash":"57e77adc093ca92d1deb40981ce0a399f133c8ec"}
,"C:\\Estudos\\projetos\\MyCoffeApp\\src\\components\\Form\\FormPasswordInput.tsx": {"path":"C:\\Estudos\\projetos\\MyCoffeApp\\src\\components\\Form\\FormPasswordInput.tsx","statementMap":{"0":{"start":{"line":11,"column":2},"end":{"line":25,"column":4}},"1":{"start":{"line":17,"column":8},"end":{"line":22,"column":10}}},"fnMap":{"0":{"name":"FormPasswordInput","decl":{"start":{"line":5,"column":16},"end":{"line":5,"column":33}},"loc":{"start":{"line":10,"column":55},"end":{"line":26,"column":1}},"line":10},"1":{"name":"(anonymous_1)","decl":{"start":{"line":16,"column":14},"end":{"line":16,"column":15}},"loc":{"start":{"line":17,"column":8},"end":{"line":22,"column":10}},"line":17}},"branchMap":{},"s":{"0":0,"1":0},"f":{"0":0,"1":0},"b":{},"_coverageSchema":"1a1c01bbd47fc00a2c39e90264f33305004495a9","hash":"0f97e829e39f2740b79b96f484a358997eb798d2"}
,"C:\\Estudos\\projetos\\MyCoffeApp\\src\\components\\Form\\FormTextInput.tsx": {"path":"C:\\Estudos\\projetos\\MyCoffeApp\\src\\components\\Form\\FormTextInput.tsx","statementMap":{"0":{"start":{"line":11,"column":2},"end":{"line":25,"column":4}},"1":{"start":{"line":17,"column":8},"end":{"line":22,"column":10}}},"fnMap":{"0":{"name":"FormTextInput","decl":{"start":{"line":5,"column":16},"end":{"line":5,"column":29}},"loc":{"start":{"line":10,"column":50},"end":{"line":26,"column":1}},"line":10},"1":{"name":"(anonymous_1)","decl":{"start":{"line":16,"column":14},"end":{"line":16,"column":15}},"loc":{"start":{"line":17,"column":8},"end":{"line":22,"column":10}},"line":17}},"branchMap":{},"s":{"0":0,"1":0},"f":{"0":0,"1":0},"b":{},"_coverageSchema":"1a1c01bbd47fc00a2c39e90264f33305004495a9","hash":"42e85d84f45cbeab4bc9231a2843501ffedd35c9"}
,"C:\\Estudos\\projetos\\MyCoffeApp\\src\\components\\Icon\\Icon.tsx": {"path":"C:\\Estudos\\projetos\\MyCoffeApp\\src\\components\\Icon\\Icon.tsx","statementMap":{"0":{"start":{"line":55,"column":19},"end":{"line":55,"column":32}},"1":{"start":{"line":56,"column":18},"end":{"line":56,"column":36}},"2":{"start":{"line":58,"column":15},"end":{"line":58,"column":60}},"3":{"start":{"line":60,"column":2},"end":{"line":66,"column":3}},"4":{"start":{"line":61,"column":4},"end":{"line":65,"column":6}},"5":{"start":{"line":68,"column":2},"end":{"line":68,"column":14}},"6":{"start":{"line":71,"column":21},"end":{"line":102,"column":1}}},"fnMap":{"0":{"name":"Icon","decl":{"start":{"line":49,"column":16},"end":{"line":49,"column":20}},"loc":{"start":{"line":54,"column":14},"end":{"line":69,"column":1}},"line":54}},"branchMap":{"0":{"loc":{"start":{"line":51,"column":2},"end":{"line":51,"column":30}},"type":"default-arg","locations":[{"start":{"line":51,"column":10},"end":{"line":51,"column":30}}],"line":51},"1":{"loc":{"start":{"line":60,"column":2},"end":{"line":66,"column":3}},"type":"if","locations":[{"start":{"line":60,"column":2},"end":{"line":66,"column":3}},{"start":{},"end":{}}],"line":60}},"s":{"0":0,"1":0,"2":0,"3":0,"4":0,"5":0,"6":2},"f":{"0":0},"b":{"0":[0],"1":[0,0]},"_coverageSchema":"1a1c01bbd47fc00a2c39e90264f33305004495a9","hash":"b740cddb134c1ddb87fb80f2e2fec11a178c3e13"}
,"C:\\Estudos\\projetos\\MyCoffeApp\\src\\components\\PasswordInput\\PasswordInput.tsx": {"path":"C:\\Estudos\\projetos\\MyCoffeApp\\src\\components\\PasswordInput\\PasswordInput.tsx","statementMap":{"0":{"start":{"line":8,"column":52},"end":{"line":8,"column":66}},"1":{"start":{"line":11,"column":4},"end":{"line":11,"column":50}},"2":{"start":{"line":11,"column":38},"end":{"line":11,"column":48}},"3":{"start":{"line":14,"column":2},"end":{"line":26,"column":4}}},"fnMap":{"0":{"name":"PasswordInput","decl":{"start":{"line":7,"column":16},"end":{"line":7,"column":29}},"loc":{"start":{"line":7,"column":75},"end":{"line":27,"column":1}},"line":7},"1":{"name":"handleToggleSecureTextEntry","decl":{"start":{"line":10,"column":11},"end":{"line":10,"column":38}},"loc":{"start":{"line":10,"column":41},"end":{"line":12,"column":3}},"line":10},"2":{"name":"(anonymous_2)","decl":{"start":{"line":11,"column":25},"end":{"line":11,"column":26}},"loc":{"start":{"line":11,"column":38},"end":{"line":11,"column":48}},"line":11}},"branchMap":{"0":{"loc":{"start":{"line":20,"column":16},"end":{"line":20,"column":54}},"type":"cond-expr","locations":[{"start":{"line":20,"column":36},"end":{"line":20,"column":43}},{"start":{"line":20,"column":46},"end":{"line":20,"column":54}}],"line":20}},"s":{"0":0,"1":0,"2":0,"3":0},"f":{"0":0,"1":0,"2":0},"b":{"0":[0,0]},"_coverageSchema":"1a1c01bbd47fc00a2c39e90264f33305004495a9","hash":"1511f1d17308c33dcf1fc3e2ddb191d3940fa9ef"}
,"C:\\Estudos\\projetos\\MyCoffeApp\\src\\components\\ProductShelf\\ProductShelf.tsx": {"path":"C:\\Estudos\\projetos\\MyCoffeApp\\src\\components\\ProductShelf\\ProductShelf.tsx","statementMap":{"0":{"start":{"line":22,"column":44},"end":{"line":22,"column":70}},"1":{"start":{"line":27,"column":4},"end":{"line":27,"column":49}},"2":{"start":{"line":31,"column":4},"end":{"line":31,"column":55}},"3":{"start":{"line":34,"column":2},"end":{"line":50,"column":4}},"4":{"start":{"line":44,"column":30},"end":{"line":44,"column":37}}},"fnMap":{"0":{"name":"ProductShelf","decl":{"start":{"line":17,"column":16},"end":{"line":17,"column":28}},"loc":{"start":{"line":21,"column":33},"end":{"line":51,"column":1}},"line":21},"1":{"name":"renderItem","decl":{"start":{"line":24,"column":11},"end":{"line":24,"column":21}},"loc":{"start":{"line":26,"column":46},"end":{"line":28,"column":3}},"line":26},"2":{"name":"renderEmptyComponent","decl":{"start":{"line":30,"column":11},"end":{"line":30,"column":31}},"loc":{"start":{"line":30,"column":34},"end":{"line":32,"column":3}},"line":30},"3":{"name":"(anonymous_3)","decl":{"start":{"line":44,"column":22},"end":{"line":44,"column":23}},"loc":{"start":{"line":44,"column":30},"end":{"line":44,"column":37}},"line":44}},"branchMap":{"0":{"loc":{"start":{"line":19,"column":2},"end":{"line":19,"column":14}},"type":"default-arg","locations":[{"start":{"line":19,"column":13},"end":{"line":19,"column":14}}],"line":19},"1":{"loc":{"start":{"line":40,"column":16},"end":{"line":40,"column":71}},"type":"cond-expr","locations":[{"start":{"line":40,"column":58},"end":{"line":40,"column":59}},{"start":{"line":40,"column":62},"end":{"line":40,"column":71}}],"line":40}},"s":{"0":0,"1":0,"2":0,"3":0,"4":0},"f":{"0":0,"1":0,"2":0,"3":0},"b":{"0":[0],"1":[0,0]},"_coverageSchema":"1a1c01bbd47fc00a2c39e90264f33305004495a9","hash":"d6d9117cd7749770ced2c371704ca900239d6d52"}
,"C:\\Estudos\\projetos\\MyCoffeApp\\src\\components\\ProductShelf\\components\\EmptyProductShelf.tsx": {"path":"C:\\Estudos\\projetos\\MyCoffeApp\\src\\components\\ProductShelf\\components\\EmptyProductShelf.tsx","statementMap":{"0":{"start":{"line":8,"column":18},"end":{"line":8,"column":65}},"1":{"start":{"line":10,"column":2},"end":{"line":12,"column":3}},"2":{"start":{"line":11,"column":4},"end":{"line":11,"column":51}},"3":{"start":{"line":14,"column":2},"end":{"line":18,"column":4}}},"fnMap":{"0":{"name":"EmptyProductShelf","decl":{"start":{"line":7,"column":16},"end":{"line":7,"column":33}},"loc":{"start":{"line":7,"column":71},"end":{"line":19,"column":1}},"line":7}},"branchMap":{"0":{"loc":{"start":{"line":10,"column":2},"end":{"line":12,"column":3}},"type":"if","locations":[{"start":{"line":10,"column":2},"end":{"line":12,"column":3}},{"start":{},"end":{}}],"line":10}},"s":{"0":0,"1":0,"2":0,"3":0},"f":{"0":0},"b":{"0":[0,0]},"_coverageSchema":"1a1c01bbd47fc00a2c39e90264f33305004495a9","hash":"bcf0d9ddffb7d89462706e198ad57a69e850ebf4"}
,"C:\\Estudos\\projetos\\MyCoffeApp\\src\\components\\ProductSummary\\ProductSummary.tsx": {"path":"C:\\Estudos\\projetos\\MyCoffeApp\\src\\components\\ProductSummary\\ProductSummary.tsx","statementMap":{"0":{"start":{"line":10,"column":19},"end":{"line":10,"column":34}},"1":{"start":{"line":13,"column":4},"end":{"line":15,"column":7}},"2":{"start":{"line":18,"column":2},"end":{"line":45,"column":4}}},"fnMap":{"0":{"name":"ProductSummary","decl":{"start":{"line":9,"column":16},"end":{"line":9,"column":30}},"loc":{"start":{"line":9,"column":74},"end":{"line":46,"column":1}},"line":9},"1":{"name":"handleClickNavigateProductPage","decl":{"start":{"line":12,"column":11},"end":{"line":12,"column":41}},"loc":{"start":{"line":12,"column":44},"end":{"line":16,"column":3}},"line":12}},"branchMap":{},"s":{"0":2,"1":1,"2":2},"f":{"0":2,"1":1},"b":{},"_coverageSchema":"1a1c01bbd47fc00a2c39e90264f33305004495a9","hash":"decd77230391975d7f8024ad81a63491adc3d01a"}
,"C:\\Estudos\\projetos\\MyCoffeApp\\src\\components\\Screen\\Screen.tsx": {"path":"C:\\Estudos\\projetos\\MyCoffeApp\\src\\components\\Screen\\Screen.tsx","statementMap":{"0":{"start":{"line":37,"column":24},"end":{"line":37,"column":40}},"1":{"start":{"line":38,"column":19},"end":{"line":38,"column":32}},"2":{"start":{"line":41,"column":4},"end":{"line":41,"column":70}},"3":{"start":{"line":43,"column":19},"end":{"line":43,"column":34}},"4":{"start":{"line":46,"column":4},"end":{"line":69,"column":6}},"5":{"start":{"line":73,"column":4},"end":{"line":77,"column":6}},"6":{"start":{"line":80,"column":2},"end":{"line":105,"column":4}}},"fnMap":{"0":{"name":"Screen","decl":{"start":{"line":28,"column":16},"end":{"line":28,"column":22}},"loc":{"start":{"line":36,"column":16},"end":{"line":106,"column":1}},"line":36},"1":{"name":"renderBackButton","decl":{"start":{"line":45,"column":11},"end":{"line":45,"column":27}},"loc":{"start":{"line":45,"column":30},"end":{"line":70,"column":3}},"line":45},"2":{"name":"renderLoadingScreenState","decl":{"start":{"line":72,"column":11},"end":{"line":72,"column":35}},"loc":{"start":{"line":72,"column":38},"end":{"line":78,"column":3}},"line":72}},"branchMap":{"0":{"loc":{"start":{"line":31,"column":2},"end":{"line":31,"column":19}},"type":"default-arg","locations":[{"start":{"line":31,"column":14},"end":{"line":31,"column":19}}],"line":31},"1":{"loc":{"start":{"line":32,"column":2},"end":{"line":32,"column":20}},"type":"default-arg","locations":[{"start":{"line":32,"column":15},"end":{"line":32,"column":20}}],"line":32},"2":{"loc":{"start":{"line":41,"column":4},"end":{"line":41,"column":70}},"type":"cond-expr","locations":[{"start":{"line":41,"column":31},"end":{"line":41,"column":54}},{"start":{"line":41,"column":57},"end":{"line":41,"column":70}}],"line":41},"3":{"loc":{"start":{"line":41,"column":4},"end":{"line":41,"column":28}},"type":"binary-expr","locations":[{"start":{"line":41,"column":4},"end":{"line":41,"column":14}},{"start":{"line":41,"column":18},"end":{"line":41,"column":28}}],"line":41},"4":{"loc":{"start":{"line":83,"column":16},"end":{"line":83,"column":61}},"type":"cond-expr","locations":[{"start":{"line":83,"column":40},"end":{"line":83,"column":49}},{"start":{"line":83,"column":52},"end":{"line":83,"column":61}}],"line":83},"5":{"loc":{"start":{"line":97,"column":11},"end":{"line":97,"column":56}},"type":"binary-expr","locations":[{"start":{"line":97,"column":11},"end":{"line":97,"column":20}},{"start":{"line":97,"column":24},"end":{"line":97,"column":34}},{"start":{"line":97,"column":38},"end":{"line":97,"column":56}}],"line":97},"6":{"loc":{"start":{"line":99,"column":11},"end":{"line":99,"column":60}},"type":"cond-expr","locations":[{"start":{"line":99,"column":23},"end":{"line":99,"column":49}},{"start":{"line":99,"column":52},"end":{"line":99,"column":60}}],"line":99},"7":{"loc":{"start":{"line":103,"column":7},"end":{"line":103,"column":68}},"type":"binary-expr","locations":[{"start":{"line":103,"column":7},"end":{"line":103,"column":22}},{"start":{"line":103,"column":26},"end":{"line":103,"column":36}},{"start":{"line":103,"column":40},"end":{"line":103,"column":68}}],"line":103}},"s":{"0":0,"1":0,"2":0,"3":0,"4":0,"5":0,"6":0},"f":{"0":0,"1":0,"2":0},"b":{"0":[0],"1":[0],"2":[0,0],"3":[0,0],"4":[0,0],"5":[0,0,0],"6":[0,0],"7":[0,0,0]},"_coverageSchema":"1a1c01bbd47fc00a2c39e90264f33305004495a9","hash":"c1c2cba039d2fa4e0ce11bb5adcc2afa57b9a0e1"}
,"C:\\Estudos\\projetos\\MyCoffeApp\\src\\components\\Screen\\components\\ScreenContainers.tsx": {"path":"C:\\Estudos\\projetos\\MyCoffeApp\\src\\components\\Screen\\components\\ScreenContainers.tsx","statementMap":{"0":{"start":{"line":9,"column":2},"end":{"line":15,"column":4}},"1":{"start":{"line":19,"column":2},"end":{"line":19,"column":68}}},"fnMap":{"0":{"name":"ScrollableViewContainer","decl":{"start":{"line":8,"column":16},"end":{"line":8,"column":39}},"loc":{"start":{"line":8,"column":79},"end":{"line":16,"column":1}},"line":8},"1":{"name":"ViewContainer","decl":{"start":{"line":18,"column":16},"end":{"line":18,"column":29}},"loc":{"start":{"line":18,"column":69},"end":{"line":20,"column":1}},"line":18}},"branchMap":{},"s":{"0":0,"1":0},"f":{"0":0,"1":0},"b":{},"_coverageSchema":"1a1c01bbd47fc00a2c39e90264f33305004495a9","hash":"f089e50375475f77e6df7e782811e05094c514cd"}
,"C:\\Estudos\\projetos\\MyCoffeApp\\src\\components\\ScreenTabBarButton\\ScreenTabBarButton.tsx": {"path":"C:\\Estudos\\projetos\\MyCoffeApp\\src\\components\\ScreenTabBarButton\\ScreenTabBarButton.tsx","statementMap":{"0":{"start":{"line":24,"column":2},"end":{"line":37,"column":4}}},"fnMap":{"0":{"name":"ScreenTabBarButton","decl":{"start":{"line":18,"column":16},"end":{"line":18,"column":34}},"loc":{"start":{"line":23,"column":55},"end":{"line":38,"column":1}},"line":23}},"branchMap":{"0":{"loc":{"start":{"line":31,"column":14},"end":{"line":31,"column":53}},"type":"cond-expr","locations":[{"start":{"line":31,"column":24},"end":{"line":31,"column":38}},{"start":{"line":31,"column":41},"end":{"line":31,"column":53}}],"line":31},"1":{"loc":{"start":{"line":32,"column":15},"end":{"line":32,"column":48}},"type":"cond-expr","locations":[{"start":{"line":32,"column":25},"end":{"line":32,"column":34}},{"start":{"line":32,"column":37},"end":{"line":32,"column":48}}],"line":32},"2":{"loc":{"start":{"line":35,"column":19},"end":{"line":35,"column":52}},"type":"cond-expr","locations":[{"start":{"line":35,"column":29},"end":{"line":35,"column":38}},{"start":{"line":35,"column":41},"end":{"line":35,"column":52}}],"line":35}},"s":{"0":0},"f":{"0":0},"b":{"0":[0,0],"1":[0,0],"2":[0,0]},"_coverageSchema":"1a1c01bbd47fc00a2c39e90264f33305004495a9","hash":"6bbc8709a393e8fbf941a0b045417b6d624d392c"}
,"C:\\Estudos\\projetos\\MyCoffeApp\\src\\components\\Text\\Text.tsx": {"path":"C:\\Estudos\\projetos\\MyCoffeApp\\src\\components\\Text\\Text.tsx","statementMap":{"0":{"start":{"line":8,"column":15},"end":{"line":8,"column":34}},"1":{"start":{"line":28,"column":21},"end":{"line":28,"column":66}},"2":{"start":{"line":30,"column":2},"end":{"line":37,"column":4}},"3":{"start":{"line":46,"column":2},"end":{"line":48,"column":3}},"4":{"start":{"line":47,"column":4},"end":{"line":47,"column":59}},"5":{"start":{"line":50,"column":2},"end":{"line":63,"column":3}},"6":{"start":{"line":54,"column":6},"end":{"line":54,"column":30}},"7":{"start":{"line":60,"column":6},"end":{"line":60,"column":32}},"8":{"start":{"line":62,"column":6},"end":{"line":62,"column":33}},"9":{"start":{"line":76,"column":59},"end":{"line":87,"column":1}},"10":{"start":{"line":89,"column":27},"end":{"line":95,"column":1}}},"fnMap":{"0":{"name":"Text","decl":{"start":{"line":19,"column":16},"end":{"line":19,"column":20}},"loc":{"start":{"line":27,"column":14},"end":{"line":38,"column":1}},"line":27},"1":{"name":"getFontFamily","decl":{"start":{"line":40,"column":9},"end":{"line":40,"column":22}},"loc":{"start":{"line":45,"column":2},"end":{"line":64,"column":1}},"line":45}},"branchMap":{"0":{"loc":{"start":{"line":21,"column":2},"end":{"line":21,"column":28}},"type":"default-arg","locations":[{"start":{"line":21,"column":11},"end":{"line":21,"column":28}}],"line":21},"1":{"loc":{"start":{"line":46,"column":2},"end":{"line":48,"column":3}},"type":"if","locations":[{"start":{"line":46,"column":2},"end":{"line":48,"column":3}},{"start":{},"end":{}}],"line":46},"2":{"loc":{"start":{"line":47,"column":11},"end":{"line":47,"column":58}},"type":"cond-expr","locations":[{"start":{"line":47,"column":20},"end":{"line":47,"column":39}},{"start":{"line":47,"column":42},"end":{"line":47,"column":58}}],"line":47},"3":{"loc":{"start":{"line":50,"column":2},"end":{"line":63,"column":3}},"type":"switch","locations":[{"start":{"line":53,"column":4},"end":{"line":54,"column":30}},{"start":{"line":59,"column":4},"end":{"line":60,"column":32}},{"start":{"line":61,"column":4},"end":{"line":62,"column":33}}],"line":50}},"s":{"0":2,"1":4,"2":4,"3":4,"4":0,"5":4,"6":2,"7":0,"8":2,"9":2,"10":2},"f":{"0":4,"1":4},"b":{"0":[0],"1":[0,4],"2":[0,0],"3":[2,0,2]},"_coverageSchema":"1a1c01bbd47fc00a2c39e90264f33305004495a9","hash":"2342f89de0f3d73b24c7e245d7f398b5d034fd68"}
,"C:\\Estudos\\projetos\\MyCoffeApp\\src\\components\\TextInput\\TextInput.tsx": {"path":"C:\\Estudos\\projetos\\MyCoffeApp\\src\\components\\TextInput\\TextInput.tsx","statementMap":{"0":{"start":{"line":29,"column":19},"end":{"line":29,"column":32}},"1":{"start":{"line":31,"column":19},"end":{"line":31,"column":44}},"2":{"start":{"line":33,"column":40},"end":{"line":40,"column":3}},"3":{"start":{"line":43,"column":4},"end":{"line":43,"column":30}},"4":{"start":{"line":46,"column":2},"end":{"line":85,"column":4}},"5":{"start":{"line":88,"column":35},"end":{"line":95,"column":1}}},"fnMap":{"0":{"name":"TextInput","decl":{"start":{"line":21,"column":16},"end":{"line":21,"column":25}},"loc":{"start":{"line":28,"column":19},"end":{"line":86,"column":1}},"line":28},"1":{"name":"handleClickInputFocus","decl":{"start":{"line":42,"column":11},"end":{"line":42,"column":32}},"loc":{"start":{"line":42,"column":35},"end":{"line":44,"column":3}},"line":42}},"branchMap":{"0":{"loc":{"start":{"line":34,"column":17},"end":{"line":34,"column":37}},"type":"cond-expr","locations":[{"start":{"line":34,"column":32},"end":{"line":34,"column":33}},{"start":{"line":34,"column":36},"end":{"line":34,"column":37}}],"line":34},"1":{"loc":{"start":{"line":35,"column":17},"end":{"line":35,"column":49}},"type":"cond-expr","locations":[{"start":{"line":35,"column":32},"end":{"line":35,"column":39}},{"start":{"line":35,"column":42},"end":{"line":35,"column":49}}],"line":35},"2":{"loc":{"start":{"line":49,"column":9},"end":{"line":53,"column":9}},"type":"binary-expr","locations":[{"start":{"line":49,"column":9},"end":{"line":49,"column":14}},{"start":{"line":50,"column":10},"end":{"line":52,"column":17}}],"line":49},"3":{"loc":{"start":{"line":56,"column":11},"end":{"line":60,"column":11}},"type":"binary-expr","locations":[{"start":{"line":56,"column":11},"end":{"line":56,"column":17}},{"start":{"line":57,"column":12},"end":{"line":59,"column":19}}],"line":56},"4":{"loc":{"start":{"line":70,"column":11},"end":{"line":74,"column":11}},"type":"binary-expr","locations":[{"start":{"line":70,"column":11},"end":{"line":70,"column":16}},{"start":{"line":71,"column":12},"end":{"line":73,"column":19}}],"line":70},"5":{"loc":{"start":{"line":75,"column":11},"end":{"line":75,"column":56}},"type":"binary-expr","locations":[{"start":{"line":75,"column":11},"end":{"line":75,"column":25}},{"start":{"line":75,"column":29},"end":{"line":75,"column":56}}],"line":75},"6":{"loc":{"start":{"line":78,"column":9},"end":{"line":82,"column":9}},"type":"binary-expr","locations":[{"start":{"line":78,"column":9},"end":{"line":78,"column":21}},{"start":{"line":79,"column":10},"end":{"line":81,"column":17}}],"line":78}},"s":{"0":0,"1":0,"2":0,"3":0,"4":0,"5":2},"f":{"0":0,"1":0},"b":{"0":[0,0],"1":[0,0],"2":[0,0],"3":[0,0],"4":[0,0],"5":[0,0],"6":[0,0]},"_coverageSchema":"1a1c01bbd47fc00a2c39e90264f33305004495a9","hash":"4c593c4ac76c30c0512e169d70b273192adee04c"}
,"C:\\Estudos\\projetos\\MyCoffeApp\\src\\domain\\index.ts": {"path":"C:\\Estudos\\projetos\\MyCoffeApp\\src\\domain\\index.ts","statementMap":{},"fnMap":{},"branchMap":{},"s":{},"f":{},"b":{},"_coverageSchema":"1a1c01bbd47fc00a2c39e90264f33305004495a9","hash":"b6aaeb439c687681f237ce8edf79f6dc0bd7ede6"}
,"C:\\Estudos\\projetos\\MyCoffeApp\\src\\domain\\Celebration\\Celebration.types.ts": {"path":"C:\\Estudos\\projetos\\MyCoffeApp\\src\\domain\\Celebration\\Celebration.types.ts","statementMap":{},"fnMap":{},"branchMap":{},"s":{},"f":{},"b":{},"_coverageSchema":"1a1c01bbd47fc00a2c39e90264f33305004495a9","hash":"ad04c00e45fffea76d9c4dd15fa6506a41a644f3"}
,"C:\\Estudos\\projetos\\MyCoffeApp\\src\\domain\\Celebration\\celebrationsShelfMock.ts": {"path":"C:\\Estudos\\projetos\\MyCoffeApp\\src\\domain\\Celebration\\celebrationsShelfMock.ts","statementMap":{"0":{"start":{"line":3,"column":57},"end":{"line":34,"column":1}}},"fnMap":{},"branchMap":{},"s":{"0":3},"f":{},"b":{},"_coverageSchema":"1a1c01bbd47fc00a2c39e90264f33305004495a9","hash":"72dc7a2d7d485029b2f26a8f9980aa76b97b80b1"}
,"C:\\Estudos\\projetos\\MyCoffeApp\\src\\domain\\Coupon\\Coupon.types.ts": {"path":"C:\\Estudos\\projetos\\MyCoffeApp\\src\\domain\\Coupon\\Coupon.types.ts","statementMap":{},"fnMap":{},"branchMap":{},"s":{},"f":{},"b":{},"_coverageSchema":"1a1c01bbd47fc00a2c39e90264f33305004495a9","hash":"075d22167a5c9631c47597a522c2b650fc6d1f7b"}
,"C:\\Estudos\\projetos\\MyCoffeApp\\src\\domain\\Coupon\\couponMocks.ts": {"path":"C:\\Estudos\\projetos\\MyCoffeApp\\src\\domain\\Coupon\\couponMocks.ts","statementMap":{"0":{"start":{"line":3,"column":38},"end":{"line":14,"column":1}}},"fnMap":{},"branchMap":{},"s":{"0":3},"f":{},"b":{},"_coverageSchema":"1a1c01bbd47fc00a2c39e90264f33305004495a9","hash":"263bed5afb1c5603e58aace347910eaa648e3cbd"}
,"C:\\Estudos\\projetos\\MyCoffeApp\\src\\domain\\Product\\Product.types.ts": {"path":"C:\\Estudos\\projetos\\MyCoffeApp\\src\\domain\\Product\\Product.types.ts","statementMap":{},"fnMap":{},"branchMap":{},"s":{},"f":{},"b":{},"_coverageSchema":"1a1c01bbd47fc00a2c39e90264f33305004495a9","hash":"b3800489a1b52c21ceed6204af27a783268c79f9"}
,"C:\\Estudos\\projetos\\MyCoffeApp\\src\\domain\\Product\\productMocks.ts": {"path":"C:\\Estudos\\projetos\\MyCoffeApp\\src\\domain\\Product\\productMocks.ts","statementMap":{"0":{"start":{"line":5,"column":56},"end":{"line":184,"column":1}},"1":{"start":{"line":186,"column":52},"end":{"line":202,"column":1}},"2":{"start":{"line":204,"column":62},"end":{"line":235,"column":1}}},"fnMap":{},"branchMap":{},"s":{"0":3,"1":3,"2":3},"f":{},"b":{},"_coverageSchema":"1a1c01bbd47fc00a2c39e90264f33305004495a9","hash":"6e238de923aac2ccaa730606a7b19516d5ba1a15"}
,"C:\\Estudos\\projetos\\MyCoffeApp\\src\\domain\\Product\\useCases\\useProductList.tsx": {"path":"C:\\Estudos\\projetos\\MyCoffeApp\\src\\domain\\Product\\useCases\\useProductList.tsx","statementMap":{"0":{"start":{"line":10,"column":58},"end":{"line":15,"column":4}},"1":{"start":{"line":16,"column":36},"end":{"line":16,"column":50}},"2":{"start":{"line":17,"column":28},"end":{"line":17,"column":43}},"3":{"start":{"line":19,"column":20},"end":{"line":34,"column":18}},"4":{"start":{"line":20,"column":4},"end":{"line":33,"column":5}},"5":{"start":{"line":21,"column":6},"end":{"line":21,"column":25}},"6":{"start":{"line":23,"column":6},"end":{"line":23,"column":22}},"7":{"start":{"line":25,"column":23},"end":{"line":25,"column":79}},"8":{"start":{"line":27,"column":6},"end":{"line":27,"column":40}},"9":{"start":{"line":29,"column":6},"end":{"line":29,"column":21}},"10":{"start":{"line":30,"column":6},"end":{"line":30,"column":47}},"11":{"start":{"line":32,"column":6},"end":{"line":32,"column":26}},"12":{"start":{"line":36,"column":2},"end":{"line":38,"column":18}},"13":{"start":{"line":37,"column":4},"end":{"line":37,"column":16}},"14":{"start":{"line":40,"column":2},"end":{"line":45,"column":4}}},"fnMap":{"0":{"name":"useProductList","decl":{"start":{"line":9,"column":16},"end":{"line":9,"column":30}},"loc":{"start":{"line":9,"column":51},"end":{"line":46,"column":1}},"line":9},"1":{"name":"(anonymous_1)","decl":{"start":{"line":19,"column":32},"end":{"line":19,"column":33}},"loc":{"start":{"line":19,"column":44},"end":{"line":34,"column":3}},"line":19},"2":{"name":"(anonymous_2)","decl":{"start":{"line":36,"column":12},"end":{"line":36,"column":13}},"loc":{"start":{"line":36,"column":18},"end":{"line":38,"column":3}},"line":36}},"branchMap":{},"s":{"0":0,"1":0,"2":0,"3":0,"4":0,"5":0,"6":0,"7":0,"8":0,"9":0,"10":0,"11":0,"12":0,"13":0,"14":0},"f":{"0":0,"1":0,"2":0},"b":{},"_coverageSchema":"1a1c01bbd47fc00a2c39e90264f33305004495a9","hash":"21756cc5a42a6f3ed0a7ae37baa1c10b1810fe79"}
,"C:\\Estudos\\projetos\\MyCoffeApp\\src\\hooks\\index.ts": {"path":"C:\\Estudos\\projetos\\MyCoffeApp\\src\\hooks\\index.ts","statementMap":{},"fnMap":{},"branchMap":{},"s":{},"f":{},"b":{},"_coverageSchema":"1a1c01bbd47fc00a2c39e90264f33305004495a9","hash":"a97b21de3080a380667acc1cffede3281b54aac8"}
,"C:\\Estudos\\projetos\\MyCoffeApp\\src\\hooks\\useAppSafeArea.ts": {"path":"C:\\Estudos\\projetos\\MyCoffeApp\\src\\hooks\\useAppSafeArea.ts","statementMap":{"0":{"start":{"line":6,"column":24},"end":{"line":6,"column":43}},"1":{"start":{"line":7,"column":20},"end":{"line":7,"column":33}},"2":{"start":{"line":9,"column":2},"end":{"line":12,"column":4}}},"fnMap":{"0":{"name":"useAppSafeArea","decl":{"start":{"line":5,"column":16},"end":{"line":5,"column":30}},"loc":{"start":{"line":5,"column":33},"end":{"line":13,"column":1}},"line":5}},"branchMap":{},"s":{"0":0,"1":0,"2":0},"f":{"0":0},"b":{},"_coverageSchema":"1a1c01bbd47fc00a2c39e90264f33305004495a9","hash":"4667423673f566d2796fda256bfa1ade223bec23"}
,"C:\\Estudos\\projetos\\MyCoffeApp\\src\\hooks\\useAppTheme.ts": {"path":"C:\\Estudos\\projetos\\MyCoffeApp\\src\\hooks\\useAppTheme.ts","statementMap":{"0":{"start":{"line":6,"column":2},"end":{"line":6,"column":27}}},"fnMap":{"0":{"name":"useAppTheme","decl":{"start":{"line":5,"column":16},"end":{"line":5,"column":27}},"loc":{"start":{"line":5,"column":30},"end":{"line":7,"column":1}},"line":5}},"branchMap":{},"s":{"0":0},"f":{"0":0},"b":{},"_coverageSchema":"1a1c01bbd47fc00a2c39e90264f33305004495a9","hash":"519fcd1f9c81ff30924def314c299ecaebab63ba"}
,"C:\\Estudos\\projetos\\MyCoffeApp\\src\\hooks\\useBottomSheet.ts": {"path":"C:\\Estudos\\projetos\\MyCoffeApp\\src\\hooks\\useBottomSheet.ts","statementMap":{"0":{"start":{"line":6,"column":25},"end":{"line":6,"column":58}},"1":{"start":{"line":8,"column":34},"end":{"line":15,"column":8}},"2":{"start":{"line":9,"column":21},"end":{"line":9,"column":56}},"3":{"start":{"line":10,"column":4},"end":{"line":14,"column":5}},"4":{"start":{"line":11,"column":6},"end":{"line":11,"column":43}},"5":{"start":{"line":13,"column":6},"end":{"line":13,"column":46}},"6":{"start":{"line":17,"column":2},"end":{"line":20,"column":4}}},"fnMap":{"0":{"name":"useBottomSheet","decl":{"start":{"line":5,"column":16},"end":{"line":5,"column":30}},"loc":{"start":{"line":5,"column":33},"end":{"line":21,"column":1}},"line":5},"1":{"name":"(anonymous_1)","decl":{"start":{"line":8,"column":46},"end":{"line":8,"column":47}},"loc":{"start":{"line":8,"column":52},"end":{"line":15,"column":3}},"line":8}},"branchMap":{"0":{"loc":{"start":{"line":10,"column":4},"end":{"line":14,"column":5}},"type":"if","locations":[{"start":{"line":10,"column":4},"end":{"line":14,"column":5}},{"start":{"line":12,"column":11},"end":{"line":14,"column":5}}],"line":10}},"s":{"0":0,"1":0,"2":0,"3":0,"4":0,"5":0,"6":0},"f":{"0":0,"1":0},"b":{"0":[0,0]},"_coverageSchema":"1a1c01bbd47fc00a2c39e90264f33305004495a9","hash":"06528c24ca4147e2db31007bc78e7c924da5a64e"}
,"C:\\Estudos\\projetos\\MyCoffeApp\\src\\hooks\\useResetNavigationSuccess.ts": {"path":"C:\\Estudos\\projetos\\MyCoffeApp\\src\\hooks\\useResetNavigationSuccess.ts","statementMap":{"0":{"start":{"line":6,"column":21},"end":{"line":6,"column":36}},"1":{"start":{"line":9,"column":4},"end":{"line":20,"column":7}},"2":{"start":{"line":23,"column":2},"end":{"line":23,"column":17}}},"fnMap":{"0":{"name":"useResetNavigationSuccess","decl":{"start":{"line":5,"column":16},"end":{"line":5,"column":41}},"loc":{"start":{"line":5,"column":44},"end":{"line":24,"column":1}},"line":5},"1":{"name":"reset","decl":{"start":{"line":8,"column":11},"end":{"line":8,"column":16}},"loc":{"start":{"line":8,"column":62},"end":{"line":21,"column":3}},"line":8}},"branchMap":{},"s":{"0":0,"1":0,"2":0},"f":{"0":0,"1":0},"b":{},"_coverageSchema":"1a1c01bbd47fc00a2c39e90264f33305004495a9","hash":"fff770c6cc275bd955df7fc7e492d869cce86ef0"}
,"C:\\Estudos\\projetos\\MyCoffeApp\\src\\services\\ProductService.ts": {"path":"C:\\Estudos\\projetos\\MyCoffeApp\\src\\services\\ProductService.ts","statementMap":{"0":{"start":{"line":10,"column":4},"end":{"line":10,"column":21}},"1":{"start":{"line":12,"column":4},"end":{"line":26,"column":7}},"2":{"start":{"line":13,"column":22},"end":{"line":15,"column":7}},"3":{"start":{"line":14,"column":26},"end":{"line":14,"column":57}},"4":{"start":{"line":17,"column":6},"end":{"line":21,"column":7}},"5":{"start":{"line":18,"column":8},"end":{"line":18,"column":70}},"6":{"start":{"line":20,"column":8},"end":{"line":20,"column":15}},"7":{"start":{"line":23,"column":6},"end":{"line":23,"column":29}},"8":{"start":{"line":25,"column":6},"end":{"line":25,"column":53}},"9":{"start":{"line":32,"column":4},"end":{"line":32,"column":30}},"10":{"start":{"line":34,"column":4},"end":{"line":34,"column":18}},"11":{"start":{"line":36,"column":4},"end":{"line":41,"column":6}},"12":{"start":{"line":37,"column":6},"end":{"line":40,"column":8}}},"fnMap":{"0":{"name":"(anonymous_0)","decl":{"start":{"line":9,"column":2},"end":{"line":9,"column":3}},"loc":{"start":{"line":9,"column":75},"end":{"line":27,"column":3}},"line":9},"1":{"name":"(anonymous_1)","decl":{"start":{"line":12,"column":23},"end":{"line":12,"column":24}},"loc":{"start":{"line":12,"column":34},"end":{"line":26,"column":5}},"line":12},"2":{"name":"(anonymous_2)","decl":{"start":{"line":14,"column":8},"end":{"line":14,"column":9}},"loc":{"start":{"line":14,"column":26},"end":{"line":14,"column":57}},"line":14},"3":{"name":"(anonymous_3)","decl":{"start":{"line":29,"column":2},"end":{"line":29,"column":3}},"loc":{"start":{"line":31,"column":36},"end":{"line":42,"column":3}},"line":31},"4":{"name":"(anonymous_4)","decl":{"start":{"line":36,"column":23},"end":{"line":36,"column":24}},"loc":{"start":{"line":37,"column":6},"end":{"line":40,"column":8}},"line":37}},"branchMap":{"0":{"loc":{"start":{"line":17,"column":6},"end":{"line":21,"column":7}},"type":"if","locations":[{"start":{"line":17,"column":6},"end":{"line":21,"column":7}},{"start":{},"end":{}}],"line":17}},"s":{"0":0,"1":0,"2":0,"3":0,"4":0,"5":0,"6":0,"7":0,"8":0,"9":1,"10":1,"11":1,"12":1},"f":{"0":0,"1":0,"2":0,"3":1,"4":1},"b":{"0":[0,0]},"_coverageSchema":"1a1c01bbd47fc00a2c39e90264f33305004495a9","hash":"90115a158a117b5073fa435dbc7f0da80273730c"}
,"C:\\Estudos\\projetos\\MyCoffeApp\\src\\services\\mappers\\APIMapper.ts": {"path":"C:\\Estudos\\projetos\\MyCoffeApp\\src\\services\\mappers\\APIMapper.ts","statementMap":{"0":{"start":{"line":5,"column":4},"end":{"line":15,"column":6}}},"fnMap":{"0":{"name":"(anonymous_0)","decl":{"start":{"line":4,"column":2},"end":{"line":4,"column":3}},"loc":{"start":{"line":4,"column":48},"end":{"line":16,"column":3}},"line":4}},"branchMap":{},"s":{"0":1},"f":{"0":1},"b":{},"_coverageSchema":"1a1c01bbd47fc00a2c39e90264f33305004495a9","hash":"4a46b592061e70f8b19a1937cb57e59f53b7db84"}
,"C:\\Estudos\\projetos\\MyCoffeApp\\src\\services\\mappers\\ProductMapper.ts": {"path":"C:\\Estudos\\projetos\\MyCoffeApp\\src\\services\\mappers\\ProductMapper.ts","statementMap":{"0":{"start":{"line":5,"column":4},"end":{"line":13,"column":6}}},"fnMap":{"0":{"name":"(anonymous_0)","decl":{"start":{"line":4,"column":2},"end":{"line":4,"column":3}},"loc":{"start":{"line":4,"column":60},"end":{"line":14,"column":3}},"line":4}},"branchMap":{},"s":{"0":11},"f":{"0":11},"b":{},"_coverageSchema":"1a1c01bbd47fc00a2c39e90264f33305004495a9","hash":"1281511230897610c81c3d446137553e4c1740b6"}
,"C:\\Estudos\\projetos\\MyCoffeApp\\src\\theme\\index.ts": {"path":"C:\\Estudos\\projetos\\MyCoffeApp\\src\\theme\\index.ts","statementMap":{},"fnMap":{},"branchMap":{},"s":{},"f":{},"b":{},"_coverageSchema":"1a1c01bbd47fc00a2c39e90264f33305004495a9","hash":"12882a9dd381a337de0b8833cf39cd5468f2aba2"}
,"C:\\Estudos\\projetos\\MyCoffeApp\\src\\theme\\theme.ts": {"path":"C:\\Estudos\\projetos\\MyCoffeApp\\src\\theme\\theme.ts","statementMap":{"0":{"start":{"line":5,"column":23},"end":{"line":22,"column":1}},"1":{"start":{"line":24,"column":21},"end":{"line":64,"column":2}},"2":{"start":{"line":66,"column":39},"end":{"line":72,"column":1}}},"fnMap":{},"branchMap":{},"s":{"0":2,"1":2,"2":2},"f":{},"b":{},"_coverageSchema":"1a1c01bbd47fc00a2c39e90264f33305004495a9","hash":"be56740d2145ade0647e2951d9af7485160ccb63"}
,"C:\\Estudos\\projetos\\MyCoffeApp\\src\\utils\\delay.ts": {"path":"C:\\Estudos\\projetos\\MyCoffeApp\\src\\utils\\delay.ts","statementMap":{"0":{"start":{"line":2,"column":2},"end":{"line":2,"column":65}},"1":{"start":{"line":2,"column":32},"end":{"line":2,"column":63}},"2":{"start":{"line":2,"column":49},"end":{"line":2,"column":58}}},"fnMap":{"0":{"name":"delay","decl":{"start":{"line":1,"column":16},"end":{"line":1,"column":21}},"loc":{"start":{"line":1,"column":48},"end":{"line":3,"column":1}},"line":1},"1":{"name":"(anonymous_1)","decl":{"start":{"line":2,"column":21},"end":{"line":2,"column":22}},"loc":{"start":{"line":2,"column":32},"end":{"line":2,"column":63}},"line":2},"2":{"name":"(anonymous_2)","decl":{"start":{"line":2,"column":43},"end":{"line":2,"column":44}},"loc":{"start":{"line":2,"column":49},"end":{"line":2,"column":58}},"line":2}},"branchMap":{"0":{"loc":{"start":{"line":1,"column":22},"end":{"line":1,"column":31}},"type":"default-arg","locations":[{"start":{"line":1,"column":27},"end":{"line":1,"column":31}}],"line":1}},"s":{"0":1,"1":1,"2":1},"f":{"0":1,"1":1,"2":1},"b":{"0":[1]},"_coverageSchema":"1a1c01bbd47fc00a2c39e90264f33305004495a9","hash":"218b183529093c91fe48c7d53d74ddeff3452ae4"}
,"C:\\Estudos\\projetos\\MyCoffeApp\\src\\utils\\formatPrice.ts": {"path":"C:\\Estudos\\projetos\\MyCoffeApp\\src\\utils\\formatPrice.ts","statementMap":{"0":{"start":{"line":2,"column":2},"end":{"line":5,"column":19}}},"fnMap":{"0":{"name":"formatPrice","decl":{"start":{"line":1,"column":16},"end":{"line":1,"column":27}},"loc":{"start":{"line":1,"column":51},"end":{"line":6,"column":1}},"line":1}},"branchMap":{},"s":{"0":2},"f":{"0":2},"b":{},"_coverageSchema":"1a1c01bbd47fc00a2c39e90264f33305004495a9","hash":"806f9d843b60211863774dc0d529cff76ce1a95d"}
,"C:\\Estudos\\projetos\\MyCoffeApp\\src\\utils\\index.ts": {"path":"C:\\Estudos\\projetos\\MyCoffeApp\\src\\utils\\index.ts","statementMap":{},"fnMap":{},"branchMap":{},"s":{},"f":{},"b":{},"_coverageSchema":"1a1c01bbd47fc00a2c39e90264f33305004495a9","hash":"65484a8acb8611c22ade386f820b7182c99585cf"}
,"C:\\Estudos\\projetos\\MyCoffeApp\\test\\index.tsx": {"path":"C:\\Estudos\\projetos\\MyCoffeApp\\test\\index.tsx","statementMap":{},"fnMap":{},"branchMap":{},"s":{},"f":{},"b":{},"_coverageSchema":"1a1c01bbd47fc00a2c39e90264f33305004495a9","hash":"e19d8961006015adf9c91f7ba0b4886e74167dd0"}
,"C:\\Estudos\\projetos\\MyCoffeApp\\test\\test-utils.tsx": {"path":"C:\\Estudos\\projetos\\MyCoffeApp\\test\\test-utils.tsx","statementMap":{"0":{"start":{"line":11,"column":57},"end":{"line":13,"column":1}},"1":{"start":{"line":12,"column":2},"end":{"line":12,"column":57}},"2":{"start":{"line":15,"column":28},"end":{"line":16,"column":52}},"3":{"start":{"line":16,"column":2},"end":{"line":16,"column":52}}},"fnMap":{"0":{"name":"(anonymous_0)","decl":{"start":{"line":11,"column":57},"end":{"line":11,"column":58}},"loc":{"start":{"line":12,"column":2},"end":{"line":12,"column":57}},"line":12},"1":{"name":"(anonymous_1)","decl":{"start":{"line":15,"column":28},"end":{"line":15,"column":29}},"loc":{"start":{"line":16,"column":2},"end":{"line":16,"column":52}},"line":16}},"branchMap":{},"s":{"0":2,"1":2,"2":2,"3":2},"f":{"0":2,"1":2},"b":{},"_coverageSchema":"1a1c01bbd47fc00a2c39e90264f33305004495a9","hash":"f0793e50a48352a5cc1b902361703254f2e9b376"}
}
