TN:
SF:src\assets\icons\AddIcon.tsx
FN:5,AddIcon
FNF:1
FNH:0
FNDA:0,AddIcon
DA:6,0
LF:1
LH:0
BRDA:5,0,0,0
BRDA:5,1,0,0
BRF:2
BRH:0
end_of_record
TN:
SF:src\assets\icons\ArrowIcon.tsx
FN:5,ArrowIcon
FNF:1
FNH:0
FNDA:0,ArrowIcon
DA:6,0
LF:1
LH:0
BRDA:5,0,0,0
BRDA:5,1,0,0
BRF:2
BRH:0
end_of_record
TN:
SF:src\assets\icons\BagFillIcon.tsx
FN:5,BagFillIcon
FNF:1
FNH:0
FNDA:0,BagFillIcon
DA:6,0
LF:1
LH:0
BRDA:5,0,0,0
BRDA:5,1,0,0
BRF:2
BRH:0
end_of_record
TN:
SF:src\assets\icons\BagIcon.tsx
FN:5,BagIcon
FNF:1
FNH:0
FNDA:0,BagIcon
DA:6,0
LF:1
LH:0
BRDA:5,0,0,0
BRDA:5,1,0,0
BRF:2
BRH:0
end_of_record
TN:
SF:src\assets\icons\BookmarkFillIcon.tsx
FN:5,BookmarkFillIcon
FNF:1
FNH:0
FNDA:0,BookmarkFillIcon
DA:6,0
LF:1
LH:0
BRDA:5,0,0,0
BRDA:5,1,0,0
BRF:2
BRH:0
end_of_record
TN:
SF:src\assets\icons\BookmarkIcon.tsx
FN:5,BookmarkIcon
FNF:1
FNH:0
FNDA:0,BookmarkIcon
DA:6,0
LF:1
LH:0
BRDA:5,0,0,0
BRDA:5,1,0,0
BRF:2
BRH:0
end_of_record
TN:
SF:src\assets\icons\CalendarIcon.tsx
FN:5,CalendarIcon
FNF:1
FNH:0
FNDA:0,CalendarIcon
DA:6,0
LF:1
LH:0
BRDA:5,0,0,0
BRDA:5,1,0,0
BRF:2
BRH:0
end_of_record
TN:
SF:src\assets\icons\CallIcon.tsx
FN:5,CallIcon
FNF:1
FNH:0
FNDA:0,CallIcon
DA:6,0
LF:1
LH:0
BRDA:5,0,0,0
BRDA:5,1,0,0
BRF:2
BRH:0
end_of_record
TN:
SF:src\assets\icons\CheckRoundIcon.tsx
FN:6,CheckRoundIcon
FNF:1
FNH:0
FNDA:0,CheckRoundIcon
DA:9,0
LF:1
LH:0
BRDA:7,0,0,0
BRF:1
BRH:0
end_of_record
TN:
SF:src\assets\icons\ChevronIcon.tsx
FN:5,ChevronIcon
FNF:1
FNH:0
FNDA:0,ChevronIcon
DA:6,0
LF:1
LH:0
BRDA:5,0,0,0
BRDA:5,1,0,0
BRF:2
BRH:0
end_of_record
TN:
SF:src\assets\icons\ClockIcon.tsx
FN:5,ClockIcon
FNF:1
FNH:0
FNDA:0,ClockIcon
DA:6,0
LF:1
LH:0
BRDA:5,0,0,0
BRDA:5,1,0,0
BRF:2
BRH:0
end_of_record
TN:
SF:src\assets\icons\EyeOffIcon.tsx
FN:5,EyeOffIcon
FNF:1
FNH:0
FNDA:0,EyeOffIcon
DA:6,0
LF:1
LH:0
BRDA:5,0,0,0
BRDA:5,1,0,0
BRF:2
BRH:0
end_of_record
TN:
SF:src\assets\icons\EyeOnIcon.tsx
FN:5,EyeOnIcon
FNF:1
FNH:0
FNDA:0,EyeOnIcon
DA:6,0
LF:1
LH:0
BRDA:5,0,0,0
BRDA:5,1,0,0
BRF:2
BRH:0
end_of_record
TN:
SF:src\assets\icons\HeartIcon.tsx
FN:5,HeartIcon
FNF:1
FNH:0
FNDA:0,HeartIcon
DA:6,0
LF:1
LH:0
BRDA:5,0,0,0
BRDA:5,1,0,0
BRF:2
BRH:0
end_of_record
TN:
SF:src\assets\icons\HomeFillIcon.tsx
FN:5,HomeFillIcon
FNF:1
FNH:0
FNDA:0,HomeFillIcon
DA:6,0
LF:1
LH:0
BRDA:5,0,0,0
BRDA:5,1,0,0
BRF:2
BRH:0
end_of_record
TN:
SF:src\assets\icons\HomeIcon.tsx
FN:5,HomeIcon
FNF:1
FNH:0
FNDA:0,HomeIcon
DA:6,0
LF:1
LH:0
BRDA:5,0,0,0
BRDA:5,1,0,0
BRF:2
BRH:0
end_of_record
TN:
SF:src\assets\icons\LocationFilledIcon.tsx
FN:5,LocationFilledIcon
FNF:1
FNH:0
FNDA:0,LocationFilledIcon
DA:6,0
LF:1
LH:0
BRDA:5,0,0,0
BRDA:5,1,0,0
BRF:2
BRH:0
end_of_record
TN:
SF:src\assets\icons\LocationIcon.tsx
FN:5,LocationIcon
FNF:1
FNH:0
FNDA:0,LocationIcon
DA:6,0
LF:1
LH:0
BRDA:5,0,0,0
BRDA:5,1,0,0
BRF:2
BRH:0
end_of_record
TN:
SF:src\assets\icons\MessageRoundIcon.tsx
FN:6,MessageRoundIcon
FNF:1
FNH:0
FNDA:0,MessageRoundIcon
DA:9,0
LF:1
LH:0
BRDA:7,0,0,0
BRF:1
BRH:0
end_of_record
TN:
SF:src\assets\icons\MessageTextIcon.tsx
FN:5,MessageTextIcon
FNF:1
FNH:0
FNDA:0,MessageTextIcon
DA:6,0
LF:1
LH:0
BRDA:5,0,0,0
BRDA:5,1,0,0
BRF:2
BRH:0
end_of_record
TN:
SF:src\assets\icons\MinusIcon.tsx
FN:5,MinusIcon
FNF:1
FNH:0
FNDA:0,MinusIcon
DA:6,0
LF:1
LH:0
BRDA:5,0,0,0
BRDA:5,1,0,0
BRF:2
BRH:0
end_of_record
TN:
SF:src\assets\icons\NotificationIcon.tsx
FN:5,NotificationIcon
FNF:1
FNH:0
FNDA:0,NotificationIcon
DA:6,0
LF:1
LH:0
BRDA:5,0,0,0
BRDA:5,1,0,0
BRF:2
BRH:0
end_of_record
TN:
SF:src\assets\icons\SearchIcon.tsx
FN:5,SearchIcon
FNF:1
FNH:0
FNDA:0,SearchIcon
DA:6,0
LF:1
LH:0
BRDA:5,0,0,0
BRDA:5,1,0,0
BRF:2
BRH:0
end_of_record
TN:
SF:src\assets\icons\SendFillIcon.tsx
FN:5,SendFillIcon
FNF:1
FNH:0
FNDA:0,SendFillIcon
DA:6,0
LF:1
LH:0
BRDA:5,0,0,0
BRDA:5,1,0,0
BRF:2
BRH:0
end_of_record
TN:
SF:src\assets\icons\SendIcon.tsx
FN:5,SendIcon
FNF:1
FNH:0
FNDA:0,SendIcon
DA:6,0
LF:1
LH:0
BRDA:5,0,0,0
BRDA:5,1,0,0
BRF:2
BRH:0
end_of_record
TN:
SF:src\assets\icons\Tagicon.tsx
FN:5,TagIcon
FNF:1
FNH:0
FNDA:0,TagIcon
DA:6,0
LF:1
LH:0
BRDA:5,0,0,0
BRDA:5,1,0,0
BRF:2
BRH:0
end_of_record
TN:
SF:src\assets\icons\TicketIcon.tsx
FN:5,TicketIcon
FNF:1
FNH:0
FNDA:0,TicketIcon
DA:6,0
LF:1
LH:0
BRDA:5,0,0,0
BRDA:5,1,0,0
BRF:2
BRH:0
end_of_record
TN:
SF:src\assets\icons\TrashIcon.tsx
FN:5,TrashIcon
FNF:1
FNH:0
FNDA:0,TrashIcon
DA:6,0
LF:1
LH:0
BRDA:5,0,0,0
BRDA:5,1,0,0
BRF:2
BRH:0
end_of_record
TN:
SF:src\assets\icons\UserFillIcon.tsx
FN:5,UserFillIcon
FNF:1
FNH:0
FNDA:0,UserFillIcon
DA:6,0
LF:1
LH:0
BRDA:5,0,0,0
BRDA:5,1,0,0
BRF:2
BRH:0
end_of_record
TN:
SF:src\assets\icons\UserIcon.tsx
FN:5,UserIcon
FNF:1
FNH:0
FNDA:0,UserIcon
DA:6,0
LF:1
LH:0
BRDA:5,0,0,0
BRDA:5,1,0,0
BRF:2
BRH:0
end_of_record
TN:
SF:src\components\index.ts
FNF:0
FNH:0
LF:0
LH:0
BRF:0
BRH:0
end_of_record
TN:
SF:src\components\ActivityIndicator\ActivityIndicator.tsx
FN:14,ActivityIndicator
FNF:1
FNH:0
FNDA:0,ActivityIndicator
DA:18,0
DA:20,0
LF:2
LH:0
BRDA:15,0,0,0
BRF:1
BRH:0
end_of_record
TN:
SF:src\components\BottomSheet\BottomSheet.tsx
FN:33,(anonymous_0)
FN:38,(anonymous_1)
FN:47,(anonymous_2)
FN:51,(anonymous_3)
FN:55,(anonymous_4)
FN:58,(anonymous_5)
FN:62,(anonymous_6)
FN:70,(anonymous_7)
FN:84,(anonymous_8)
FN:90,(anonymous_9)
FN:99,(anonymous_10)
FNF:11
FNH:0
FNDA:0,(anonymous_0)
FNDA:0,(anonymous_1)
FNDA:0,(anonymous_2)
FNDA:0,(anonymous_3)
FNDA:0,(anonymous_4)
FNDA:0,(anonymous_5)
FNDA:0,(anonymous_6)
FNDA:0,(anonymous_7)
FNDA:0,(anonymous_8)
FNDA:0,(anonymous_9)
FNDA:0,(anonymous_10)
DA:17,1
DA:19,1
DA:30,1
DA:34,0
DA:35,0
DA:37,0
DA:40,0
DA:42,0
DA:47,0
DA:48,0
DA:51,0
DA:53,0
DA:54,0
DA:56,0
DA:59,0
DA:60,0
DA:63,0
DA:64,0
DA:65,0
DA:66,0
DA:70,0
DA:71,0
DA:78,0
DA:84,0
DA:85,0
DA:90,0
DA:91,0
DA:96,0
DA:100,0
DA:129,1
LF:30
LH:4
BRDA:63,0,0,0
BRDA:63,0,1,0
BRDA:65,1,0,0
BRDA:65,1,1,0
BRDA:86,2,0,0
BRDA:86,2,1,0
BRDA:92,3,0,0
BRDA:92,3,1,0
BRF:8
BRH:0
end_of_record
TN:
SF:src\components\Box\Box.tsx
FNF:0
FNH:0
DA:21,1
DA:31,1
LF:2
LH:2
BRF:0
BRH:0
end_of_record
TN:
SF:src\components\Button\Button.tsx
FN:19,Button
FNF:1
FNH:0
FNDA:0,Button
DA:26,0
DA:28,0
LF:2
LH:0
BRDA:22,0,0,0
BRDA:26,1,0,0
BRDA:26,1,1,0
BRDA:30,2,0,0
BRDA:30,2,1,0
BRDA:38,3,0,0
BRDA:38,3,1,0
BRF:7
BRH:0
end_of_record
TN:
SF:src\components\Button\buttonPresets.ts
FNF:0
FNH:0
DA:17,1
LF:1
LH:1
BRF:0
BRH:0
end_of_record
TN:
SF:src\components\CelebrationCard\CelebrationCard.tsx
FN:11,CelebrationCard
FNF:1
FNH:0
FNDA:0,CelebrationCard
DA:12,0
LF:1
LH:0
BRF:0
BRH:0
end_of_record
TN:
SF:src\components\Form\FormPasswordInput.tsx
FN:5,FormPasswordInput
FN:16,(anonymous_1)
FNF:2
FNH:0
FNDA:0,FormPasswordInput
FNDA:0,(anonymous_1)
DA:11,0
DA:17,0
LF:2
LH:0
BRF:0
BRH:0
end_of_record
TN:
SF:src\components\Form\FormTextInput.tsx
FN:5,FormTextInput
FN:16,(anonymous_1)
FNF:2
FNH:0
FNDA:0,FormTextInput
FNDA:0,(anonymous_1)
DA:11,0
DA:17,0
LF:2
LH:0
BRF:0
BRH:0
end_of_record
TN:
SF:src\components\Icon\Icon.tsx
FN:49,Icon
FNF:1
FNH:0
FNDA:0,Icon
DA:55,0
DA:56,0
DA:58,0
DA:60,0
DA:61,0
DA:68,0
DA:71,1
LF:7
LH:1
BRDA:51,0,0,0
BRDA:60,1,0,0
BRDA:60,1,1,0
BRF:3
BRH:0
end_of_record
TN:
SF:src\components\PasswordInput\PasswordInput.tsx
FN:7,PasswordInput
FN:10,handleToggleSecureTextEntry
FN:11,(anonymous_2)
FNF:3
FNH:0
FNDA:0,PasswordInput
FNDA:0,handleToggleSecureTextEntry
FNDA:0,(anonymous_2)
DA:8,0
DA:11,0
DA:14,0
LF:3
LH:0
BRDA:20,0,0,0
BRDA:20,0,1,0
BRF:2
BRH:0
end_of_record
TN:
SF:src\components\ProductShelf\ProductShelf.tsx
FN:17,ProductShelf
FN:24,renderItem
FN:30,renderEmptyComponent
FN:44,(anonymous_3)
FNF:4
FNH:0
FNDA:0,ProductShelf
FNDA:0,renderItem
FNDA:0,renderEmptyComponent
FNDA:0,(anonymous_3)
DA:22,0
DA:27,0
DA:31,0
DA:34,0
DA:44,0
LF:5
LH:0
BRDA:19,0,0,0
BRDA:40,1,0,0
BRDA:40,1,1,0
BRF:3
BRH:0
end_of_record
TN:
SF:src\components\ProductShelf\components\EmptyProductShelf.tsx
FN:7,EmptyProductShelf
FNF:1
FNH:0
FNDA:0,EmptyProductShelf
DA:8,0
DA:10,0
DA:11,0
DA:14,0
LF:4
LH:0
BRDA:10,0,0,0
BRDA:10,0,1,0
BRF:2
BRH:0
end_of_record
TN:
SF:src\components\ProductSummary\ProductSummary.tsx
FN:9,ProductSummary
FN:12,handleClickNavigateProductPage
FNF:2
FNH:1
FNDA:1,ProductSummary
FNDA:0,handleClickNavigateProductPage
DA:10,1
DA:13,0
DA:18,1
LF:3
LH:2
BRF:0
BRH:0
end_of_record
TN:
SF:src\components\Screen\Screen.tsx
FN:28,Screen
FN:45,renderBackButton
FN:72,renderLoadingScreenState
FNF:3
FNH:0
FNDA:0,Screen
FNDA:0,renderBackButton
FNDA:0,renderLoadingScreenState
DA:37,0
DA:38,0
DA:41,0
DA:43,0
DA:46,0
DA:73,0
DA:80,0
LF:7
LH:0
BRDA:31,0,0,0
BRDA:32,1,0,0
BRDA:41,2,0,0
BRDA:41,2,1,0
BRDA:41,3,0,0
BRDA:41,3,1,0
BRDA:83,4,0,0
BRDA:83,4,1,0
BRDA:97,5,0,0
BRDA:97,5,1,0
BRDA:97,5,2,0
BRDA:99,6,0,0
BRDA:99,6,1,0
BRDA:103,7,0,0
BRDA:103,7,1,0
BRDA:103,7,2,0
BRF:16
BRH:0
end_of_record
TN:
SF:src\components\Screen\components\ScreenContainers.tsx
FN:8,ScrollableViewContainer
FN:18,ViewContainer
FNF:2
FNH:0
FNDA:0,ScrollableViewContainer
FNDA:0,ViewContainer
DA:9,0
DA:19,0
LF:2
LH:0
BRF:0
BRH:0
end_of_record
TN:
SF:src\components\ScreenTabBarButton\ScreenTabBarButton.tsx
FN:18,ScreenTabBarButton
FNF:1
FNH:0
FNDA:0,ScreenTabBarButton
DA:24,0
LF:1
LH:0
BRDA:31,0,0,0
BRDA:31,0,1,0
BRDA:32,1,0,0
BRDA:32,1,1,0
BRDA:35,2,0,0
BRDA:35,2,1,0
BRF:6
BRH:0
end_of_record
TN:
SF:src\components\Text\Text.tsx
FN:19,Text
FN:40,getFontFamily
FNF:2
FNH:2
FNDA:2,Text
FNDA:2,getFontFamily
DA:8,1
DA:28,2
DA:30,2
DA:46,2
DA:47,0
DA:50,2
DA:54,1
DA:60,0
DA:62,1
DA:76,1
DA:89,1
LF:11
LH:9
BRDA:21,0,0,0
BRDA:46,1,0,0
BRDA:46,1,1,2
BRDA:47,2,0,0
BRDA:47,2,1,0
BRDA:50,3,0,1
BRDA:50,3,1,0
BRDA:50,3,2,1
BRF:8
BRH:3
end_of_record
TN:
SF:src\components\TextInput\TextInput.tsx
FN:21,TextInput
FN:42,handleClickInputFocus
FNF:2
FNH:0
FNDA:0,TextInput
FNDA:0,handleClickInputFocus
DA:29,0
DA:31,0
DA:33,0
DA:43,0
DA:46,0
DA:88,1
LF:6
LH:1
BRDA:34,0,0,0
BRDA:34,0,1,0
BRDA:35,1,0,0
BRDA:35,1,1,0
BRDA:49,2,0,0
BRDA:49,2,1,0
BRDA:56,3,0,0
BRDA:56,3,1,0
BRDA:70,4,0,0
BRDA:70,4,1,0
BRDA:75,5,0,0
BRDA:75,5,1,0
BRDA:78,6,0,0
BRDA:78,6,1,0
BRF:14
BRH:0
end_of_record
TN:
SF:src\domain\index.ts
FNF:0
FNH:0
LF:0
LH:0
BRF:0
BRH:0
end_of_record
TN:
SF:src\domain\Celebration\Celebration.types.ts
FNF:0
FNH:0
LF:0
LH:0
BRF:0
BRH:0
end_of_record
TN:
SF:src\domain\Celebration\celebrationsShelfMock.ts
FNF:0
FNH:0
DA:3,1
LF:1
LH:1
BRF:0
BRH:0
end_of_record
TN:
SF:src\domain\Coupon\Coupon.types.ts
FNF:0
FNH:0
LF:0
LH:0
BRF:0
BRH:0
end_of_record
TN:
SF:src\domain\Coupon\couponMocks.ts
FNF:0
FNH:0
DA:3,1
LF:1
LH:1
BRF:0
BRH:0
end_of_record
TN:
SF:src\domain\Product\Product.types.ts
FNF:0
FNH:0
LF:0
LH:0
BRF:0
BRH:0
end_of_record
TN:
SF:src\domain\Product\productMocks.ts
FNF:0
FNH:0
DA:5,1
DA:186,1
DA:204,1
LF:3
LH:3
BRF:0
BRH:0
end_of_record
TN:
SF:src\domain\Product\useCases\useProductList.tsx
FN:9,useProductList
FN:19,(anonymous_1)
FN:36,(anonymous_2)
FNF:3
FNH:0
FNDA:0,useProductList
FNDA:0,(anonymous_1)
FNDA:0,(anonymous_2)
DA:10,0
DA:16,0
DA:17,0
DA:19,0
DA:20,0
DA:21,0
DA:23,0
DA:25,0
DA:27,0
DA:29,0
DA:30,0
DA:32,0
DA:36,0
DA:37,0
DA:40,0
LF:15
LH:0
BRF:0
BRH:0
end_of_record
TN:
SF:src\hooks\index.ts
FNF:0
FNH:0
LF:0
LH:0
BRF:0
BRH:0
end_of_record
TN:
SF:src\hooks\useAppSafeArea.ts
FN:5,useAppSafeArea
FNF:1
FNH:0
FNDA:0,useAppSafeArea
DA:6,0
DA:7,0
DA:9,0
LF:3
LH:0
BRF:0
BRH:0
end_of_record
TN:
SF:src\hooks\useAppTheme.ts
FN:5,useAppTheme
FNF:1
FNH:0
FNDA:0,useAppTheme
DA:6,0
LF:1
LH:0
BRF:0
BRH:0
end_of_record
TN:
SF:src\hooks\useBottomSheet.ts
FN:5,useBottomSheet
FN:8,(anonymous_1)
FNF:2
FNH:0
FNDA:0,useBottomSheet
FNDA:0,(anonymous_1)
DA:6,0
DA:8,0
DA:9,0
DA:10,0
DA:11,0
DA:13,0
DA:17,0
LF:7
LH:0
BRDA:10,0,0,0
BRDA:10,0,1,0
BRF:2
BRH:0
end_of_record
TN:
SF:src\hooks\useResetNavigationSuccess.ts
FN:5,useResetNavigationSuccess
FN:8,reset
FNF:2
FNH:0
FNDA:0,useResetNavigationSuccess
FNDA:0,reset
DA:6,0
DA:9,0
DA:23,0
LF:3
LH:0
BRF:0
BRH:0
end_of_record
TN:
SF:src\services\ProductService.ts
FN:9,(anonymous_0)
FN:12,(anonymous_1)
FN:14,(anonymous_2)
FN:29,(anonymous_3)
FN:36,(anonymous_4)
FNF:5
FNH:0
FNDA:0,(anonymous_0)
FNDA:0,(anonymous_1)
FNDA:0,(anonymous_2)
FNDA:0,(anonymous_3)
FNDA:0,(anonymous_4)
DA:10,0
DA:12,0
DA:13,0
DA:14,0
DA:17,0
DA:18,0
DA:20,0
DA:23,0
DA:25,0
DA:32,0
DA:34,0
DA:36,0
DA:37,0
LF:13
LH:0
BRDA:17,0,0,0
BRDA:17,0,1,0
BRF:2
BRH:0
end_of_record
TN:
SF:src\services\mappers\APIMapper.ts
FN:4,(anonymous_0)
FNF:1
FNH:0
FNDA:0,(anonymous_0)
DA:5,0
LF:1
LH:0
BRF:0
BRH:0
end_of_record
TN:
SF:src\services\mappers\ProductMapper.ts
FN:4,(anonymous_0)
FNF:1
FNH:0
FNDA:0,(anonymous_0)
DA:5,0
LF:1
LH:0
BRF:0
BRH:0
end_of_record
TN:
SF:src\theme\index.ts
FNF:0
FNH:0
LF:0
LH:0
BRF:0
BRH:0
end_of_record
TN:
SF:src\theme\theme.ts
FNF:0
FNH:0
DA:5,1
DA:24,1
DA:66,1
LF:3
LH:3
BRF:0
BRH:0
end_of_record
TN:
SF:src\utils\delay.ts
FN:1,delay
FN:2,(anonymous_1)
FN:2,(anonymous_2)
FNF:3
FNH:0
FNDA:0,delay
FNDA:0,(anonymous_1)
FNDA:0,(anonymous_2)
DA:2,0
LF:1
LH:0
BRDA:1,0,0,0
BRF:1
BRH:0
end_of_record
TN:
SF:src\utils\formatPrice.ts
FN:1,formatPrice
FNF:1
FNH:1
FNDA:1,formatPrice
DA:2,1
LF:1
LH:1
BRF:0
BRH:0
end_of_record
TN:
SF:src\utils\index.ts
FNF:0
FNH:0
LF:0
LH:0
BRF:0
BRH:0
end_of_record
TN:
SF:test\test-utils.tsx
FN:11,(anonymous_0)
FN:15,(anonymous_1)
FNF:2
FNH:2
FNDA:1,(anonymous_0)
FNDA:1,(anonymous_1)
DA:11,1
DA:12,1
DA:15,1
DA:16,1
LF:4
LH:4
BRF:0
BRH:0
end_of_record
